"2020-04-09 09:34:15 INFO  c.m.cart.ShoppingCartApplication - Starting ShoppingCartApplication on A2ML37345 with PID 9948 (C:\Users\M1056182\Desktop\Shopping-cart\shopping-cart\target\classes started by M1056182 in C:\Users\M1056182\Desktop\Shopping-cart\shopping-cart)
""2020-04-09 09:34:15 INFO  c.m.cart.ShoppingCartApplication - No active profile set, falling back to default profiles: default
""2020-04-09 09:34:15 INFO  o.s.b.d.restart.ChangeableUrls - The Class-Path manifest attribute in C:\Users\M1056182\.m2\repository\org\glassfish\jaxb\jaxb-runtime\2.3.2\jaxb-runtime-2.3.2.jar referenced one or more files that do not exist: file:/C:/Users/M1056182/.m2/repository/org/glassfish/jaxb/jaxb-runtime/2.3.2/jakarta.xml.bind-api-2.3.2.jar,file:/C:/Users/M1056182/.m2/repository/org/glassfish/jaxb/jaxb-runtime/2.3.2/txw2-2.3.2.jar,file:/C:/Users/M1056182/.m2/repository/org/glassfish/jaxb/jaxb-runtime/2.3.2/istack-commons-runtime-3.0.8.jar,file:/C:/Users/M1056182/.m2/repository/org/glassfish/jaxb/jaxb-runtime/2.3.2/stax-ex-1.8.1.jar,file:/C:/Users/M1056182/.m2/repository/org/glassfish/jaxb/jaxb-runtime/2.3.2/FastInfoset-1.2.16.jar,file:/C:/Users/M1056182/.m2/repository/org/glassfish/jaxb/jaxb-runtime/2.3.2/jakarta.activation-api-1.2.1.jar
""2020-04-09 09:34:15 INFO  o.s.b.d.e.DevToolsPropertyDefaultsPostProcessor - Devtools property defaults active! Set 'spring.devtools.add-properties' to 'false' to disable
""2020-04-09 09:34:15 INFO  o.s.b.d.e.DevToolsPropertyDefaultsPostProcessor - For additional web related logging consider setting the 'logging.level.web' property to 'DEBUG'
""2020-04-09 09:34:16 INFO  o.s.d.r.c.RepositoryConfigurationDelegate - Bootstrapping Spring Data JPA repositories in DEFAULT mode.
""2020-04-09 09:34:16 INFO  o.s.d.r.c.RepositoryConfigurationDelegate - Finished Spring Data repository scanning in 93ms. Found 5 JPA repository interfaces.
""2020-04-09 09:34:17 INFO  o.s.b.w.e.tomcat.TomcatWebServer - Tomcat initialized with port(s): 8081 (http)
""2020-04-09 09:34:17 INFO  o.a.c.core.StandardService - Starting service [Tomcat]
""2020-04-09 09:34:17 INFO  o.a.catalina.core.StandardEngine - Starting Servlet engine: [Apache Tomcat/9.0.33]
""2020-04-09 09:34:17 INFO  o.a.c.c.C.[.[localhost].[/] - Initializing Spring embedded WebApplicationContext
""2020-04-09 09:34:17 DEBUG o.s.web.context.ContextLoader - Published root WebApplicationContext as ServletContext attribute with name [org.springframework.web.context.WebApplicationContext.ROOT]
""2020-04-09 09:34:17 INFO  o.s.web.context.ContextLoader - Root WebApplicationContext: initialization completed in 1785 ms
""2020-04-09 09:34:18 INFO  c.zaxxer.hikari.HikariDataSource - HikariPool-1 - Starting...
""2020-04-09 09:34:18 INFO  c.zaxxer.hikari.HikariDataSource - HikariPool-1 - Start completed.
""2020-04-09 09:34:19 INFO  o.s.o.j.LocalContainerEntityManagerFactoryBean - Initialized JPA EntityManagerFactory for persistence unit 'default'
""2020-04-09 09:34:19 INFO  o.s.b.d.a.OptionalLiveReloadServer - LiveReload server is running on port 35729
""2020-04-09 09:34:19 WARN  o.s.b.a.o.j.JpaBaseConfiguration$JpaWebConfiguration - spring.jpa.open-in-view is enabled by default. Therefore, database queries may be performed during view rendering. Explicitly configure spring.jpa.open-in-view to disable this warning
""2020-04-09 09:34:20 DEBUG o.s.w.s.m.m.a.RequestMappingHandlerMapping - 14 mappings in 'requestMappingHandlerMapping'
""2020-04-09 09:34:20 INFO  s.d.s.w.PropertySourcedRequestMappingHandlerMapping - Mapped URL path [/v2/api-docs] onto method [springfox.documentation.swagger2.web.Swagger2Controller#getDocumentation(String, HttpServletRequest)]
""2020-04-09 09:34:20 INFO  o.s.s.c.ThreadPoolTaskExecutor - Initializing ExecutorService 'applicationTaskExecutor'
""2020-04-09 09:34:20 DEBUG o.s.w.s.m.m.a.RequestMappingHandlerAdapter - ControllerAdvice beans: 0 @ModelAttribute, 0 @InitBinder, 1 RequestBodyAdvice, 1 ResponseBodyAdvice
""2020-04-09 09:34:20 DEBUG o.s.w.s.h.SimpleUrlHandlerMapping - Patterns [/webjars/**, /**] in 'resourceHandlerMapping'
""2020-04-09 09:34:20 DEBUG o.s.w.s.m.m.a.ExceptionHandlerExceptionResolver - ControllerAdvice beans: 3 @ExceptionHandler, 1 ResponseBodyAdvice
""2020-04-09 09:34:20 INFO  s.d.s.w.p.DocumentationPluginsBootstrapper - Context refreshed
""2020-04-09 09:34:20 INFO  s.d.s.w.p.DocumentationPluginsBootstrapper - Found 1 custom documentation plugin(s)
""2020-04-09 09:34:20 INFO  s.d.s.w.s.ApiListingReferenceScanner - Scanning for api listing references
""2020-04-09 09:34:20 INFO  o.s.b.w.e.tomcat.TomcatWebServer - Tomcat started on port(s): 8081 (http) with context path ''
""2020-04-09 09:34:20 INFO  c.m.cart.ShoppingCartApplication - Started ShoppingCartApplication in 5.435 seconds (JVM running for 6.99)
""2020-04-09 09:34:25 INFO  o.a.c.c.C.[.[localhost].[/] - Initializing Spring DispatcherServlet 'dispatcherServlet'
""2020-04-09 09:34:25 INFO  o.s.w.servlet.DispatcherServlet - Initializing Servlet 'dispatcherServlet'
""2020-04-09 09:34:25 DEBUG o.s.w.servlet.DispatcherServlet - Detected StandardServletMultipartResolver
""2020-04-09 09:34:25 DEBUG o.s.w.servlet.DispatcherServlet - enableLoggingRequestDetails='false': request parameters and headers will be masked to prevent unsafe logging of potentially sensitive data
""2020-04-09 09:34:25 INFO  o.s.w.servlet.DispatcherServlet - Completed initialization in 7 ms
""2020-04-09 09:34:25 DEBUG o.s.w.servlet.DispatcherServlet - POST "/putIntoBucket/1/11", parameters={}
""2020-04-09 09:34:25 DEBUG o.s.w.s.m.m.a.RequestMappingHandlerMapping - Mapped to com.mindtree.cart.controller.CartController#putIntoBucket(int, int)
""2020-04-09 09:34:25 INFO  c.m.c.controller.CartController - ---> Adding Items into Cart...!
""2020-04-09 09:34:25 INFO  c.m.c.s.s.CartServiceImpl - ---> Adding into Cart in impl
""2020-04-09 09:34:25 INFO  c.m.c.s.s.ProductServiceImpl - ---> Fetching a Product From DB..!
""2020-04-09 09:34:25 INFO  c.m.c.dao.daoimpl.ProductDaoImpl - ---> Check product presence By Id..!
""2020-04-09 09:34:25 INFO  c.m.c.s.s.ProductServiceImpl - --->Return Product by Id..!
""2020-04-09 09:34:25 INFO  c.m.c.dao.daoimpl.ProductDaoImpl - -->SearchBy Id in impl
""2020-04-09 09:34:25 INFO  c.m.c.s.s.UserServiceImpl - --->User Fetching Starts..!
""2020-04-09 09:34:25 INFO  c.m.cart.dao.daoimpl.UserDaoImpl - --> Checking User is Present in Database...!
""2020-04-09 09:34:25 INFO  c.m.c.s.s.UserServiceImpl - -->User Found and Returned..!
""2020-04-09 09:34:25 INFO  c.m.cart.dao.daoimpl.UserDaoImpl - --> Fetching User from Repository..!
""2020-04-09 09:34:25 INFO  c.m.cart.dao.daoimpl.CartDaoImpl - ---> creating a cart in repo..>!
""2020-04-09 09:34:25 INFO  c.m.c.s.s.ProductServiceImpl - ---> Updating Product..!
""2020-04-09 09:34:25 INFO  c.m.c.dao.daoimpl.ProductDaoImpl - ---> Updating product in repository..!
""2020-04-09 09:34:25 INFO  c.m.c.s.s.CartServiceImpl - ---> product added to cart successfully...!
""2020-04-09 09:34:25 DEBUG o.s.w.s.m.m.a.HttpEntityMethodProcessor - Using 'application/json', given [*/*] and supported [application/json, application/*+json, application/json, application/*+json]
""2020-04-09 09:34:25 DEBUG o.s.w.s.m.m.a.HttpEntityMethodProcessor - Writing [com.mindtree.cart.dto.ShopResponse@3898e0a2]
""2020-04-09 09:34:25 DEBUG o.s.w.servlet.DispatcherServlet - Completed 200 OK
""2020-04-09 09:34:26 DEBUG o.s.w.servlet.DispatcherServlet - POST "/putIntoBucket/1/11", parameters={}
""2020-04-09 09:34:26 DEBUG o.s.w.s.m.m.a.RequestMappingHandlerMapping - Mapped to com.mindtree.cart.controller.CartController#putIntoBucket(int, int)
""2020-04-09 09:34:26 INFO  c.m.c.controller.CartController - ---> Adding Items into Cart...!
""2020-04-09 09:34:26 INFO  c.m.c.s.s.CartServiceImpl - ---> Adding into Cart in impl
""2020-04-09 09:34:26 INFO  c.m.c.s.s.ProductServiceImpl - ---> Fetching a Product From DB..!
""2020-04-09 09:34:26 INFO  c.m.c.dao.daoimpl.ProductDaoImpl - ---> Check product presence By Id..!
""2020-04-09 09:34:26 INFO  c.m.c.s.s.ProductServiceImpl - --->Return Product by Id..!
""2020-04-09 09:34:26 INFO  c.m.c.dao.daoimpl.ProductDaoImpl - -->SearchBy Id in impl
""2020-04-09 09:34:26 INFO  c.m.c.s.s.UserServiceImpl - --->User Fetching Starts..!
""2020-04-09 09:34:26 INFO  c.m.cart.dao.daoimpl.UserDaoImpl - --> Checking User is Present in Database...!
""2020-04-09 09:34:26 INFO  c.m.c.s.s.UserServiceImpl - -->User Found and Returned..!
""2020-04-09 09:34:26 INFO  c.m.cart.dao.daoimpl.UserDaoImpl - --> Fetching User from Repository..!
""2020-04-09 09:34:26 INFO  c.m.cart.dao.daoimpl.CartDaoImpl - ----> Fetching a cart ..!
""2020-04-09 09:34:26 INFO  c.m.cart.dao.daoimpl.CartDaoImpl - ---> Updating a cart..!
""2020-04-09 09:34:26 INFO  c.m.c.s.s.ProductServiceImpl - ---> Updating Product..!
""2020-04-09 09:34:26 INFO  c.m.c.dao.daoimpl.ProductDaoImpl - ---> Updating product in repository..!
""2020-04-09 09:34:26 INFO  c.m.c.s.s.CartServiceImpl - ---> product added to cart successfully...!
""2020-04-09 09:34:26 DEBUG o.s.w.s.m.m.a.HttpEntityMethodProcessor - Using 'application/json', given [*/*] and supported [application/json, application/*+json, application/json, application/*+json]
""2020-04-09 09:34:26 DEBUG o.s.w.s.m.m.a.HttpEntityMethodProcessor - Writing [com.mindtree.cart.dto.ShopResponse@3898e0a2]
""2020-04-09 09:34:26 DEBUG o.s.w.servlet.DispatcherServlet - Completed 200 OK
""2020-04-09 09:34:28 DEBUG o.s.w.servlet.DispatcherServlet - POST "/putIntoBucket/1/11", parameters={}
""2020-04-09 09:34:28 DEBUG o.s.w.s.m.m.a.RequestMappingHandlerMapping - Mapped to com.mindtree.cart.controller.CartController#putIntoBucket(int, int)
""2020-04-09 09:34:28 INFO  c.m.c.controller.CartController - ---> Adding Items into Cart...!
""2020-04-09 09:34:28 INFO  c.m.c.s.s.CartServiceImpl - ---> Adding into Cart in impl
""2020-04-09 09:34:28 INFO  c.m.c.s.s.ProductServiceImpl - ---> Fetching a Product From DB..!
""2020-04-09 09:34:28 INFO  c.m.c.dao.daoimpl.ProductDaoImpl - ---> Check product presence By Id..!
""2020-04-09 09:34:28 INFO  c.m.c.s.s.ProductServiceImpl - --->Return Product by Id..!
""2020-04-09 09:34:28 INFO  c.m.c.dao.daoimpl.ProductDaoImpl - -->SearchBy Id in impl
""2020-04-09 09:34:28 INFO  c.m.c.s.s.UserServiceImpl - --->User Fetching Starts..!
""2020-04-09 09:34:28 INFO  c.m.cart.dao.daoimpl.UserDaoImpl - --> Checking User is Present in Database...!
""2020-04-09 09:34:28 INFO  c.m.c.s.s.UserServiceImpl - -->User Found and Returned..!
""2020-04-09 09:34:28 INFO  c.m.cart.dao.daoimpl.UserDaoImpl - --> Fetching User from Repository..!
""2020-04-09 09:34:28 INFO  c.m.cart.dao.daoimpl.CartDaoImpl - ----> Fetching a cart ..!
""2020-04-09 09:34:28 INFO  c.m.cart.dao.daoimpl.CartDaoImpl - ---> Updating a cart..!
""2020-04-09 09:34:28 INFO  c.m.c.s.s.ProductServiceImpl - ---> Updating Product..!
""2020-04-09 09:34:28 INFO  c.m.c.dao.daoimpl.ProductDaoImpl - ---> Updating product in repository..!
""2020-04-09 09:34:28 INFO  c.m.c.s.s.CartServiceImpl - ---> product added to cart successfully...!
""2020-04-09 09:34:28 DEBUG o.s.w.s.m.m.a.HttpEntityMethodProcessor - Using 'application/json', given [*/*] and supported [application/json, application/*+json, application/json, application/*+json]
""2020-04-09 09:34:28 DEBUG o.s.w.s.m.m.a.HttpEntityMethodProcessor - Writing [com.mindtree.cart.dto.ShopResponse@3898e0a2]
""2020-04-09 09:34:28 DEBUG o.s.w.servlet.DispatcherServlet - Completed 200 OK
""2020-04-09 09:34:29 DEBUG o.s.w.servlet.DispatcherServlet - POST "/putIntoBucket/1/11", parameters={}
""2020-04-09 09:34:29 DEBUG o.s.w.s.m.m.a.RequestMappingHandlerMapping - Mapped to com.mindtree.cart.controller.CartController#putIntoBucket(int, int)
""2020-04-09 09:34:29 INFO  c.m.c.controller.CartController - ---> Adding Items into Cart...!
""2020-04-09 09:34:29 INFO  c.m.c.s.s.CartServiceImpl - ---> Adding into Cart in impl
""2020-04-09 09:34:29 INFO  c.m.c.s.s.ProductServiceImpl - ---> Fetching a Product From DB..!
""2020-04-09 09:34:29 INFO  c.m.c.dao.daoimpl.ProductDaoImpl - ---> Check product presence By Id..!
""2020-04-09 09:34:29 INFO  c.m.c.s.s.ProductServiceImpl - --->Return Product by Id..!
""2020-04-09 09:34:29 INFO  c.m.c.dao.daoimpl.ProductDaoImpl - -->SearchBy Id in impl
""2020-04-09 09:34:29 INFO  c.m.c.s.s.UserServiceImpl - --->User Fetching Starts..!
""2020-04-09 09:34:29 INFO  c.m.cart.dao.daoimpl.UserDaoImpl - --> Checking User is Present in Database...!
""2020-04-09 09:34:29 INFO  c.m.c.s.s.UserServiceImpl - -->User Found and Returned..!
""2020-04-09 09:34:29 INFO  c.m.cart.dao.daoimpl.UserDaoImpl - --> Fetching User from Repository..!
""2020-04-09 09:34:29 INFO  c.m.cart.dao.daoimpl.CartDaoImpl - ----> Fetching a cart ..!
""2020-04-09 09:34:29 INFO  c.m.cart.dao.daoimpl.CartDaoImpl - ---> Updating a cart..!
""2020-04-09 09:34:29 INFO  c.m.c.s.s.ProductServiceImpl - ---> Updating Product..!
""2020-04-09 09:34:29 INFO  c.m.c.dao.daoimpl.ProductDaoImpl - ---> Updating product in repository..!
""2020-04-09 09:34:29 INFO  c.m.c.s.s.CartServiceImpl - ---> product added to cart successfully...!
""2020-04-09 09:34:29 DEBUG o.s.w.s.m.m.a.HttpEntityMethodProcessor - Using 'application/json', given [*/*] and supported [application/json, application/*+json, application/json, application/*+json]
""2020-04-09 09:34:29 DEBUG o.s.w.s.m.m.a.HttpEntityMethodProcessor - Writing [com.mindtree.cart.dto.ShopResponse@3898e0a2]
""2020-04-09 09:34:29 DEBUG o.s.w.servlet.DispatcherServlet - Completed 200 OK
""2020-04-09 09:34:31 DEBUG o.s.w.servlet.DispatcherServlet - POST "/putIntoBucket/1/12", parameters={}
""2020-04-09 09:34:31 DEBUG o.s.w.s.m.m.a.RequestMappingHandlerMapping - Mapped to com.mindtree.cart.controller.CartController#putIntoBucket(int, int)
""2020-04-09 09:34:31 INFO  c.m.c.controller.CartController - ---> Adding Items into Cart...!
""2020-04-09 09:34:31 INFO  c.m.c.s.s.CartServiceImpl - ---> Adding into Cart in impl
""2020-04-09 09:34:31 INFO  c.m.c.s.s.ProductServiceImpl - ---> Fetching a Product From DB..!
""2020-04-09 09:34:31 INFO  c.m.c.dao.daoimpl.ProductDaoImpl - ---> Check product presence By Id..!
""2020-04-09 09:34:31 INFO  c.m.c.s.s.ProductServiceImpl - --> Product Not Found..!
""2020-04-09 09:34:31 DEBUG o.s.w.s.m.m.a.ExceptionHandlerExceptionResolver - Using @ExceptionHandler com.mindtree.cart.exceptionhandler.CartControllerExceptionHandler#userControllerException(Exception, Throwable)
""2020-04-09 09:34:31 DEBUG o.s.w.s.m.m.a.HttpEntityMethodProcessor - Using 'application/json', given [*/*] and supported [application/json, application/*+json, application/json, application/*+json]
""2020-04-09 09:34:31 DEBUG o.s.w.s.m.m.a.HttpEntityMethodProcessor - Writing [{Message=Product Not Found..!, Error=true}]
""2020-04-09 09:34:31 WARN  o.s.w.s.m.m.a.ExceptionHandlerExceptionResolver - Resolved [com.mindtree.cart.exception.ProductNotFoundException: Product Not Found..!]
""2020-04-09 09:34:31 DEBUG o.s.w.servlet.DispatcherServlet - Completed 400 BAD_REQUEST
""2020-04-09 09:34:52 DEBUG o.s.w.servlet.DispatcherServlet - POST "/updateCart/1/11/0", parameters={}
""2020-04-09 09:34:52 DEBUG o.s.w.s.m.m.a.RequestMappingHandlerMapping - Mapped to com.mindtree.cart.controller.CartController#updateCart(int, int, int)
""2020-04-09 09:34:52 INFO  c.m.c.controller.CartController - ---> update cart for particular userId and productId...!
""2020-04-09 09:34:52 INFO  c.m.c.s.s.CartServiceImpl - ---> update cart in impl..!
""2020-04-09 09:34:52 INFO  c.m.c.s.s.UserServiceImpl - --->User Fetching Starts..!
""2020-04-09 09:34:52 INFO  c.m.cart.dao.daoimpl.UserDaoImpl - --> Checking User is Present in Database...!
""2020-04-09 09:34:52 INFO  c.m.c.s.s.UserServiceImpl - -->User Found and Returned..!
""2020-04-09 09:34:52 INFO  c.m.cart.dao.daoimpl.UserDaoImpl - --> Fetching User from Repository..!
""2020-04-09 09:34:52 INFO  c.m.cart.dao.daoimpl.CartDaoImpl - ----> Fetching a cart ..!
""2020-04-09 09:34:52 INFO  c.m.c.s.s.ProductServiceImpl - ---> Fetching a Product From DB..!
""2020-04-09 09:34:52 INFO  c.m.c.dao.daoimpl.ProductDaoImpl - ---> Check product presence By Id..!
""2020-04-09 09:34:52 INFO  c.m.c.s.s.ProductServiceImpl - --->Return Product by Id..!
""2020-04-09 09:34:52 INFO  c.m.c.dao.daoimpl.ProductDaoImpl - -->SearchBy Id in impl
""2020-04-09 09:34:52 INFO  c.m.c.s.s.ProductServiceImpl - ---> Updating Product..!
""2020-04-09 09:34:52 INFO  c.m.c.dao.daoimpl.ProductDaoImpl - ---> Updating product in repository..!
""2020-04-09 09:34:52 INFO  c.m.c.s.s.UserServiceImpl - --->Creating a Cart for User..!
""2020-04-09 09:34:52 INFO  c.m.cart.dao.daoimpl.UserDaoImpl - --> Update and saving User into DB
""2020-04-09 09:34:52 INFO  c.m.cart.dao.daoimpl.CartDaoImpl - ---> Delete a cart By id...!
""2020-04-09 09:34:52 INFO  c.m.c.s.s.CartServiceImpl - ---> Cart updated Succesfully...!
""2020-04-09 09:34:52 DEBUG o.s.w.s.m.m.a.HttpEntityMethodProcessor - Using 'application/json', given [*/*] and supported [application/json, application/*+json, application/json, application/*+json]
""2020-04-09 09:34:52 DEBUG o.s.w.s.m.m.a.HttpEntityMethodProcessor - Writing [com.mindtree.cart.dto.ShopResponse@3898e0a2]
""2020-04-09 09:34:52 DEBUG o.s.w.servlet.DispatcherServlet - Completed 200 OK
""2020-04-09 09:35:59 INFO  o.s.b.a.SpringApplicationAdminMXBeanRegistrar$SpringApplicationAdmin - Application shutdown requested.
""2020-04-09 09:35:59 INFO  o.s.s.c.ThreadPoolTaskExecutor - Shutting down ExecutorService 'applicationTaskExecutor'
""2020-04-09 09:35:59 INFO  o.s.o.j.LocalContainerEntityManagerFactoryBean - Closing JPA EntityManagerFactory for persistence unit 'default'
""2020-04-09 09:35:59 INFO  c.zaxxer.hikari.HikariDataSource - HikariPool-1 - Shutdown initiated...
""2020-04-09 09:35:59 INFO  c.zaxxer.hikari.HikariDataSource - HikariPool-1 - Shutdown completed.
""2020-04-09 09:36:17 INFO  c.m.cart.ShoppingCartApplication - Starting ShoppingCartApplication on A2ML37345 with PID 6208 (C:\Users\M1056182\Desktop\Shopping-cart\shopping-cart\target\classes started by M1056182 in C:\Users\M1056182\Desktop\Shopping-cart\shopping-cart)
""2020-04-09 09:36:17 INFO  c.m.cart.ShoppingCartApplication - No active profile set, falling back to default profiles: default
""2020-04-09 09:36:17 INFO  o.s.b.d.restart.ChangeableUrls - The Class-Path manifest attribute in C:\Users\M1056182\.m2\repository\org\glassfish\jaxb\jaxb-runtime\2.3.2\jaxb-runtime-2.3.2.jar referenced one or more files that do not exist: file:/C:/Users/M1056182/.m2/repository/org/glassfish/jaxb/jaxb-runtime/2.3.2/jakarta.xml.bind-api-2.3.2.jar,file:/C:/Users/M1056182/.m2/repository/org/glassfish/jaxb/jaxb-runtime/2.3.2/txw2-2.3.2.jar,file:/C:/Users/M1056182/.m2/repository/org/glassfish/jaxb/jaxb-runtime/2.3.2/istack-commons-runtime-3.0.8.jar,file:/C:/Users/M1056182/.m2/repository/org/glassfish/jaxb/jaxb-runtime/2.3.2/stax-ex-1.8.1.jar,file:/C:/Users/M1056182/.m2/repository/org/glassfish/jaxb/jaxb-runtime/2.3.2/FastInfoset-1.2.16.jar,file:/C:/Users/M1056182/.m2/repository/org/glassfish/jaxb/jaxb-runtime/2.3.2/jakarta.activation-api-1.2.1.jar
""2020-04-09 09:36:17 INFO  o.s.b.d.e.DevToolsPropertyDefaultsPostProcessor - Devtools property defaults active! Set 'spring.devtools.add-properties' to 'false' to disable
""2020-04-09 09:36:17 INFO  o.s.b.d.e.DevToolsPropertyDefaultsPostProcessor - For additional web related logging consider setting the 'logging.level.web' property to 'DEBUG'
""2020-04-09 09:36:18 INFO  o.s.d.r.c.RepositoryConfigurationDelegate - Bootstrapping Spring Data JPA repositories in DEFAULT mode.
""2020-04-09 09:36:18 INFO  o.s.d.r.c.RepositoryConfigurationDelegate - Finished Spring Data repository scanning in 127ms. Found 5 JPA repository interfaces.
""2020-04-09 09:39:52 INFO  c.m.cart.ShoppingCartApplication - Starting ShoppingCartApplication on A2ML37345 with PID 3260 (C:\Users\M1056182\Desktop\Shopping-cart\shopping-cart\target\classes started by M1056182 in C:\Users\M1056182\Desktop\Shopping-cart\shopping-cart)
""2020-04-09 09:39:52 INFO  c.m.cart.ShoppingCartApplication - No active profile set, falling back to default profiles: default
""2020-04-09 09:39:52 INFO  o.s.b.d.restart.ChangeableUrls - The Class-Path manifest attribute in C:\Users\M1056182\.m2\repository\org\glassfish\jaxb\jaxb-runtime\2.3.2\jaxb-runtime-2.3.2.jar referenced one or more files that do not exist: file:/C:/Users/M1056182/.m2/repository/org/glassfish/jaxb/jaxb-runtime/2.3.2/jakarta.xml.bind-api-2.3.2.jar,file:/C:/Users/M1056182/.m2/repository/org/glassfish/jaxb/jaxb-runtime/2.3.2/txw2-2.3.2.jar,file:/C:/Users/M1056182/.m2/repository/org/glassfish/jaxb/jaxb-runtime/2.3.2/istack-commons-runtime-3.0.8.jar,file:/C:/Users/M1056182/.m2/repository/org/glassfish/jaxb/jaxb-runtime/2.3.2/stax-ex-1.8.1.jar,file:/C:/Users/M1056182/.m2/repository/org/glassfish/jaxb/jaxb-runtime/2.3.2/FastInfoset-1.2.16.jar,file:/C:/Users/M1056182/.m2/repository/org/glassfish/jaxb/jaxb-runtime/2.3.2/jakarta.activation-api-1.2.1.jar
""2020-04-09 09:39:52 INFO  o.s.b.d.e.DevToolsPropertyDefaultsPostProcessor - Devtools property defaults active! Set 'spring.devtools.add-properties' to 'false' to disable
""2020-04-09 09:39:52 INFO  o.s.b.d.e.DevToolsPropertyDefaultsPostProcessor - For additional web related logging consider setting the 'logging.level.web' property to 'DEBUG'
""2020-04-09 09:39:53 INFO  o.s.d.r.c.RepositoryConfigurationDelegate - Bootstrapping Spring Data JPA repositories in DEFAULT mode.
""2020-04-09 09:39:54 INFO  o.s.d.r.c.RepositoryConfigurationDelegate - Finished Spring Data repository scanning in 169ms. Found 5 JPA repository interfaces.
""2020-04-09 09:39:55 INFO  o.s.b.w.e.tomcat.TomcatWebServer - Tomcat initialized with port(s): 8081 (http)
""2020-04-09 09:39:55 INFO  o.a.c.core.StandardService - Starting service [Tomcat]
""2020-04-09 09:39:55 INFO  o.a.catalina.core.StandardEngine - Starting Servlet engine: [Apache Tomcat/9.0.33]
""2020-04-09 09:39:56 INFO  o.a.c.c.C.[.[localhost].[/] - Initializing Spring embedded WebApplicationContext
""2020-04-09 09:39:56 DEBUG o.s.web.context.ContextLoader - Published root WebApplicationContext as ServletContext attribute with name [org.springframework.web.context.WebApplicationContext.ROOT]
""2020-04-09 09:39:56 INFO  o.s.web.context.ContextLoader - Root WebApplicationContext: initialization completed in 3904 ms
""2020-04-09 09:39:57 INFO  c.zaxxer.hikari.HikariDataSource - HikariPool-1 - Starting...
""2020-04-09 09:39:57 INFO  c.zaxxer.hikari.HikariDataSource - HikariPool-1 - Start completed.
""2020-04-09 09:39:59 INFO  o.s.o.j.LocalContainerEntityManagerFactoryBean - Initialized JPA EntityManagerFactory for persistence unit 'default'
""2020-04-09 09:39:59 INFO  o.s.b.d.a.OptionalLiveReloadServer - LiveReload server is running on port 35729
""2020-04-09 09:40:00 WARN  o.s.b.a.o.j.JpaBaseConfiguration$JpaWebConfiguration - spring.jpa.open-in-view is enabled by default. Therefore, database queries may be performed during view rendering. Explicitly configure spring.jpa.open-in-view to disable this warning
""2020-04-09 09:40:00 DEBUG o.s.w.s.m.m.a.RequestMappingHandlerMapping - 14 mappings in 'requestMappingHandlerMapping'
""2020-04-09 09:40:00 INFO  s.d.s.w.PropertySourcedRequestMappingHandlerMapping - Mapped URL path [/v2/api-docs] onto method [springfox.documentation.swagger2.web.Swagger2Controller#getDocumentation(String, HttpServletRequest)]
""2020-04-09 09:40:01 INFO  o.s.s.c.ThreadPoolTaskExecutor - Initializing ExecutorService 'applicationTaskExecutor'
""2020-04-09 09:40:01 DEBUG o.s.w.s.m.m.a.RequestMappingHandlerAdapter - ControllerAdvice beans: 0 @ModelAttribute, 0 @InitBinder, 1 RequestBodyAdvice, 1 ResponseBodyAdvice
""2020-04-09 09:40:01 DEBUG o.s.w.s.h.SimpleUrlHandlerMapping - Patterns [/webjars/**, /**] in 'resourceHandlerMapping'
""2020-04-09 09:40:01 DEBUG o.s.w.s.m.m.a.ExceptionHandlerExceptionResolver - ControllerAdvice beans: 3 @ExceptionHandler, 1 ResponseBodyAdvice
""2020-04-09 09:40:01 INFO  s.d.s.w.p.DocumentationPluginsBootstrapper - Context refreshed
""2020-04-09 09:40:01 INFO  s.d.s.w.p.DocumentationPluginsBootstrapper - Found 1 custom documentation plugin(s)
""2020-04-09 09:40:01 INFO  s.d.s.w.s.ApiListingReferenceScanner - Scanning for api listing references
""2020-04-09 09:40:02 INFO  o.s.b.w.e.tomcat.TomcatWebServer - Tomcat started on port(s): 8081 (http) with context path ''
""2020-04-09 09:40:02 INFO  c.m.cart.ShoppingCartApplication - Started ShoppingCartApplication in 11.042 seconds (JVM running for 12.321)
""2020-04-09 09:40:10 INFO  o.a.c.c.C.[.[localhost].[/] - Initializing Spring DispatcherServlet 'dispatcherServlet'
""2020-04-09 09:40:10 INFO  o.s.w.servlet.DispatcherServlet - Initializing Servlet 'dispatcherServlet'
""2020-04-09 09:40:10 DEBUG o.s.w.servlet.DispatcherServlet - Detected StandardServletMultipartResolver
""2020-04-09 09:40:10 DEBUG o.s.w.servlet.DispatcherServlet - enableLoggingRequestDetails='false': request parameters and headers will be masked to prevent unsafe logging of potentially sensitive data
""2020-04-09 09:40:10 INFO  o.s.w.servlet.DispatcherServlet - Completed initialization in 8 ms
""2020-04-09 09:40:10 DEBUG o.s.w.servlet.DispatcherServlet - POST "/putIntoBucket/1/11", parameters={}
""2020-04-09 09:40:10 DEBUG o.s.w.s.m.m.a.RequestMappingHandlerMapping - Mapped to com.mindtree.cart.controller.CartController#putIntoBucket(int, int)
""2020-04-09 09:40:11 INFO  c.m.c.controller.CartController - ---> Adding Items into Cart...!
""2020-04-09 09:40:11 INFO  c.m.c.s.s.CartServiceImpl - ---> Adding into Cart in impl
""2020-04-09 09:40:11 INFO  c.m.c.s.s.ProductServiceImpl - ---> Fetching a Product From DB..!
""2020-04-09 09:40:11 INFO  c.m.c.dao.daoimpl.ProductDaoImpl - ---> Check product presence By Id..!
""2020-04-09 09:40:11 INFO  c.m.c.s.s.ProductServiceImpl - --->Return Product by Id..!
""2020-04-09 09:40:11 INFO  c.m.c.dao.daoimpl.ProductDaoImpl - -->SearchBy Id in impl
""2020-04-09 09:40:11 INFO  c.m.c.s.s.UserServiceImpl - --->User Fetching Starts..!
""2020-04-09 09:40:11 INFO  c.m.cart.dao.daoimpl.UserDaoImpl - --> Checking User is Present in Database...!
""2020-04-09 09:40:11 INFO  c.m.c.s.s.UserServiceImpl - -->User Found and Returned..!
""2020-04-09 09:40:11 INFO  c.m.cart.dao.daoimpl.UserDaoImpl - --> Fetching User from Repository..!
""2020-04-09 09:40:11 INFO  c.m.cart.dao.daoimpl.CartDaoImpl - ---> creating a cart in repo..>!
""2020-04-09 09:40:11 INFO  c.m.c.s.s.ProductServiceImpl - ---> Updating Product..!
""2020-04-09 09:40:11 INFO  c.m.c.dao.daoimpl.ProductDaoImpl - ---> Updating product in repository..!
""2020-04-09 09:40:11 INFO  c.m.c.s.s.CartServiceImpl - ---> product added to cart successfully...!
""2020-04-09 09:40:11 DEBUG o.s.w.s.m.m.a.HttpEntityMethodProcessor - Using 'application/json', given [*/*] and supported [application/json, application/*+json, application/json, application/*+json]
""2020-04-09 09:40:11 DEBUG o.s.w.s.m.m.a.HttpEntityMethodProcessor - Writing [com.mindtree.cart.dto.ShopResponse@46a2bc46]
""2020-04-09 09:40:11 DEBUG o.s.w.servlet.DispatcherServlet - Completed 200 OK
""2020-04-09 09:40:12 DEBUG o.s.w.servlet.DispatcherServlet - POST "/putIntoBucket/1/11", parameters={}
""2020-04-09 09:40:12 DEBUG o.s.w.s.m.m.a.RequestMappingHandlerMapping - Mapped to com.mindtree.cart.controller.CartController#putIntoBucket(int, int)
""2020-04-09 09:40:12 INFO  c.m.c.controller.CartController - ---> Adding Items into Cart...!
""2020-04-09 09:40:12 INFO  c.m.c.s.s.CartServiceImpl - ---> Adding into Cart in impl
""2020-04-09 09:40:12 INFO  c.m.c.s.s.ProductServiceImpl - ---> Fetching a Product From DB..!
""2020-04-09 09:40:12 INFO  c.m.c.dao.daoimpl.ProductDaoImpl - ---> Check product presence By Id..!
""2020-04-09 09:40:12 INFO  c.m.c.s.s.ProductServiceImpl - --->Return Product by Id..!
""2020-04-09 09:40:12 INFO  c.m.c.dao.daoimpl.ProductDaoImpl - -->SearchBy Id in impl
""2020-04-09 09:40:12 INFO  c.m.c.s.s.UserServiceImpl - --->User Fetching Starts..!
""2020-04-09 09:40:12 INFO  c.m.cart.dao.daoimpl.UserDaoImpl - --> Checking User is Present in Database...!
""2020-04-09 09:40:12 INFO  c.m.c.s.s.UserServiceImpl - -->User Found and Returned..!
""2020-04-09 09:40:12 INFO  c.m.cart.dao.daoimpl.UserDaoImpl - --> Fetching User from Repository..!
""2020-04-09 09:40:12 INFO  c.m.cart.dao.daoimpl.CartDaoImpl - ----> Fetching a cart ..!
""2020-04-09 09:40:12 INFO  c.m.cart.dao.daoimpl.CartDaoImpl - ---> Updating a cart..!
""2020-04-09 09:40:12 INFO  c.m.c.s.s.ProductServiceImpl - ---> Updating Product..!
""2020-04-09 09:40:12 INFO  c.m.c.dao.daoimpl.ProductDaoImpl - ---> Updating product in repository..!
""2020-04-09 09:40:12 INFO  c.m.c.s.s.CartServiceImpl - ---> product added to cart successfully...!
""2020-04-09 09:40:12 DEBUG o.s.w.s.m.m.a.HttpEntityMethodProcessor - Using 'application/json', given [*/*] and supported [application/json, application/*+json, application/json, application/*+json]
""2020-04-09 09:40:12 DEBUG o.s.w.s.m.m.a.HttpEntityMethodProcessor - Writing [com.mindtree.cart.dto.ShopResponse@46a2bc46]
""2020-04-09 09:40:12 DEBUG o.s.w.servlet.DispatcherServlet - Completed 200 OK
""2020-04-09 09:40:13 DEBUG o.s.w.servlet.DispatcherServlet - POST "/putIntoBucket/1/11", parameters={}
""2020-04-09 09:40:13 DEBUG o.s.w.s.m.m.a.RequestMappingHandlerMapping - Mapped to com.mindtree.cart.controller.CartController#putIntoBucket(int, int)
""2020-04-09 09:40:13 INFO  c.m.c.controller.CartController - ---> Adding Items into Cart...!
""2020-04-09 09:40:13 INFO  c.m.c.s.s.CartServiceImpl - ---> Adding into Cart in impl
""2020-04-09 09:40:13 INFO  c.m.c.s.s.ProductServiceImpl - ---> Fetching a Product From DB..!
""2020-04-09 09:40:13 INFO  c.m.c.dao.daoimpl.ProductDaoImpl - ---> Check product presence By Id..!
""2020-04-09 09:40:13 INFO  c.m.c.s.s.ProductServiceImpl - --->Return Product by Id..!
""2020-04-09 09:40:13 INFO  c.m.c.dao.daoimpl.ProductDaoImpl - -->SearchBy Id in impl
""2020-04-09 09:40:13 INFO  c.m.c.s.s.UserServiceImpl - --->User Fetching Starts..!
""2020-04-09 09:40:13 INFO  c.m.cart.dao.daoimpl.UserDaoImpl - --> Checking User is Present in Database...!
""2020-04-09 09:40:13 INFO  c.m.c.s.s.UserServiceImpl - -->User Found and Returned..!
""2020-04-09 09:40:13 INFO  c.m.cart.dao.daoimpl.UserDaoImpl - --> Fetching User from Repository..!
""2020-04-09 09:40:13 INFO  c.m.cart.dao.daoimpl.CartDaoImpl - ----> Fetching a cart ..!
""2020-04-09 09:40:13 INFO  c.m.cart.dao.daoimpl.CartDaoImpl - ---> Updating a cart..!
""2020-04-09 09:40:13 INFO  c.m.c.s.s.ProductServiceImpl - ---> Updating Product..!
""2020-04-09 09:40:13 INFO  c.m.c.dao.daoimpl.ProductDaoImpl - ---> Updating product in repository..!
""2020-04-09 09:40:13 INFO  c.m.c.s.s.CartServiceImpl - ---> product added to cart successfully...!
""2020-04-09 09:40:13 DEBUG o.s.w.s.m.m.a.HttpEntityMethodProcessor - Using 'application/json', given [*/*] and supported [application/json, application/*+json, application/json, application/*+json]
""2020-04-09 09:40:13 DEBUG o.s.w.s.m.m.a.HttpEntityMethodProcessor - Writing [com.mindtree.cart.dto.ShopResponse@46a2bc46]
""2020-04-09 09:40:13 DEBUG o.s.w.servlet.DispatcherServlet - Completed 200 OK
""2020-04-09 09:40:20 DEBUG o.s.w.servlet.DispatcherServlet - POST "/updateCart/1/11/0", parameters={}
""2020-04-09 09:40:20 DEBUG o.s.w.s.m.m.a.RequestMappingHandlerMapping - Mapped to com.mindtree.cart.controller.CartController#updateCart(int, int, int)
""2020-04-09 09:40:57 INFO  c.m.cart.ShoppingCartApplication - Starting ShoppingCartApplication on A2ML37345 with PID 3304 (C:\Users\M1056182\Desktop\Shopping-cart\shopping-cart\target\classes started by M1056182 in C:\Users\M1056182\Desktop\Shopping-cart\shopping-cart)
""2020-04-09 09:40:57 INFO  c.m.cart.ShoppingCartApplication - No active profile set, falling back to default profiles: default
""2020-04-09 09:40:58 INFO  o.s.b.d.restart.ChangeableUrls - The Class-Path manifest attribute in C:\Users\M1056182\.m2\repository\org\glassfish\jaxb\jaxb-runtime\2.3.2\jaxb-runtime-2.3.2.jar referenced one or more files that do not exist: file:/C:/Users/M1056182/.m2/repository/org/glassfish/jaxb/jaxb-runtime/2.3.2/jakarta.xml.bind-api-2.3.2.jar,file:/C:/Users/M1056182/.m2/repository/org/glassfish/jaxb/jaxb-runtime/2.3.2/txw2-2.3.2.jar,file:/C:/Users/M1056182/.m2/repository/org/glassfish/jaxb/jaxb-runtime/2.3.2/istack-commons-runtime-3.0.8.jar,file:/C:/Users/M1056182/.m2/repository/org/glassfish/jaxb/jaxb-runtime/2.3.2/stax-ex-1.8.1.jar,file:/C:/Users/M1056182/.m2/repository/org/glassfish/jaxb/jaxb-runtime/2.3.2/FastInfoset-1.2.16.jar,file:/C:/Users/M1056182/.m2/repository/org/glassfish/jaxb/jaxb-runtime/2.3.2/jakarta.activation-api-1.2.1.jar
""2020-04-09 09:40:58 INFO  o.s.b.d.e.DevToolsPropertyDefaultsPostProcessor - Devtools property defaults active! Set 'spring.devtools.add-properties' to 'false' to disable
""2020-04-09 09:40:58 INFO  o.s.b.d.e.DevToolsPropertyDefaultsPostProcessor - For additional web related logging consider setting the 'logging.level.web' property to 'DEBUG'
""2020-04-09 09:40:59 INFO  o.s.d.r.c.RepositoryConfigurationDelegate - Bootstrapping Spring Data JPA repositories in DEFAULT mode.
""2020-04-09 09:40:59 INFO  o.s.d.r.c.RepositoryConfigurationDelegate - Finished Spring Data repository scanning in 136ms. Found 5 JPA repository interfaces.
""2020-04-09 09:41:01 INFO  o.s.b.w.e.tomcat.TomcatWebServer - Tomcat initialized with port(s): 8081 (http)
""2020-04-09 09:41:01 INFO  o.a.c.core.StandardService - Starting service [Tomcat]
""2020-04-09 09:41:01 INFO  o.a.catalina.core.StandardEngine - Starting Servlet engine: [Apache Tomcat/9.0.33]
""2020-04-09 09:41:01 INFO  o.a.c.c.C.[.[localhost].[/] - Initializing Spring embedded WebApplicationContext
""2020-04-09 09:41:01 DEBUG o.s.web.context.ContextLoader - Published root WebApplicationContext as ServletContext attribute with name [org.springframework.web.context.WebApplicationContext.ROOT]
""2020-04-09 09:41:01 INFO  o.s.web.context.ContextLoader - Root WebApplicationContext: initialization completed in 3737 ms
""2020-04-09 09:41:03 INFO  c.zaxxer.hikari.HikariDataSource - HikariPool-1 - Starting...
""2020-04-09 09:41:03 INFO  c.zaxxer.hikari.HikariDataSource - HikariPool-1 - Start completed.
""2020-04-09 09:41:05 INFO  o.s.o.j.LocalContainerEntityManagerFactoryBean - Initialized JPA EntityManagerFactory for persistence unit 'default'
""2020-04-09 09:41:05 INFO  o.s.b.d.a.OptionalLiveReloadServer - LiveReload server is running on port 35729
""2020-04-09 09:41:06 WARN  o.s.b.a.o.j.JpaBaseConfiguration$JpaWebConfiguration - spring.jpa.open-in-view is enabled by default. Therefore, database queries may be performed during view rendering. Explicitly configure spring.jpa.open-in-view to disable this warning
""2020-04-09 09:41:07 DEBUG o.s.w.s.m.m.a.RequestMappingHandlerMapping - 14 mappings in 'requestMappingHandlerMapping'
""2020-04-09 09:41:07 INFO  s.d.s.w.PropertySourcedRequestMappingHandlerMapping - Mapped URL path [/v2/api-docs] onto method [springfox.documentation.swagger2.web.Swagger2Controller#getDocumentation(String, HttpServletRequest)]
""2020-04-09 09:41:07 INFO  o.s.s.c.ThreadPoolTaskExecutor - Initializing ExecutorService 'applicationTaskExecutor'
""2020-04-09 09:41:07 DEBUG o.s.w.s.m.m.a.RequestMappingHandlerAdapter - ControllerAdvice beans: 0 @ModelAttribute, 0 @InitBinder, 1 RequestBodyAdvice, 1 ResponseBodyAdvice
""2020-04-09 09:41:07 DEBUG o.s.w.s.h.SimpleUrlHandlerMapping - Patterns [/webjars/**, /**] in 'resourceHandlerMapping'
""2020-04-09 09:41:07 DEBUG o.s.w.s.m.m.a.ExceptionHandlerExceptionResolver - ControllerAdvice beans: 3 @ExceptionHandler, 1 ResponseBodyAdvice
""2020-04-09 09:41:08 INFO  s.d.s.w.p.DocumentationPluginsBootstrapper - Context refreshed
""2020-04-09 09:41:08 INFO  s.d.s.w.p.DocumentationPluginsBootstrapper - Found 1 custom documentation plugin(s)
""2020-04-09 09:41:08 INFO  s.d.s.w.s.ApiListingReferenceScanner - Scanning for api listing references
""2020-04-09 09:41:08 INFO  o.s.b.w.e.tomcat.TomcatWebServer - Tomcat started on port(s): 8081 (http) with context path ''
""2020-04-09 09:41:08 INFO  c.m.cart.ShoppingCartApplication - Started ShoppingCartApplication in 11.487 seconds (JVM running for 12.565)
""2020-04-09 09:41:50 INFO  o.a.c.c.C.[.[localhost].[/] - Initializing Spring DispatcherServlet 'dispatcherServlet'
""2020-04-09 09:41:50 INFO  o.s.w.servlet.DispatcherServlet - Initializing Servlet 'dispatcherServlet'
""2020-04-09 09:41:50 DEBUG o.s.w.servlet.DispatcherServlet - Detected StandardServletMultipartResolver
""2020-04-09 09:41:50 DEBUG o.s.w.servlet.DispatcherServlet - enableLoggingRequestDetails='false': request parameters and headers will be masked to prevent unsafe logging of potentially sensitive data
""2020-04-09 09:41:50 INFO  o.s.w.servlet.DispatcherServlet - Completed initialization in 10 ms
""2020-04-09 09:41:50 DEBUG o.s.w.servlet.DispatcherServlet - POST "/updateCart/1/11/0", parameters={}
""2020-04-09 09:41:50 DEBUG o.s.w.s.m.m.a.RequestMappingHandlerMapping - Mapped to com.mindtree.cart.controller.CartController#updateCart(int, int, int)
""2020-04-09 09:42:01 INFO  c.m.c.controller.CartController - ---> update cart for particular userId and productId...!
""2020-04-09 09:42:10 INFO  c.m.c.s.s.CartServiceImpl - ---> update cart in impl..!
""2020-04-09 09:42:16 INFO  c.m.c.s.s.UserServiceImpl - --->User Fetching Starts..!
""2020-04-09 09:42:17 INFO  c.m.cart.dao.daoimpl.UserDaoImpl - --> Checking User is Present in Database...!
""2020-04-09 09:42:23 INFO  c.m.c.s.s.UserServiceImpl - -->User Found and Returned..!
""2020-04-09 09:42:23 INFO  c.m.cart.dao.daoimpl.UserDaoImpl - --> Fetching User from Repository..!
""2020-04-09 09:42:38 INFO  c.m.cart.dao.daoimpl.CartDaoImpl - ----> Fetching a cart ..!
""2020-04-09 09:42:48 INFO  c.m.c.s.s.ProductServiceImpl - ---> Fetching a Product From DB..!
""2020-04-09 09:42:49 INFO  c.m.c.dao.daoimpl.ProductDaoImpl - ---> Check product presence By Id..!
""2020-04-09 09:42:49 INFO  c.m.c.s.s.ProductServiceImpl - --->Return Product by Id..!
""2020-04-09 09:42:49 INFO  c.m.c.dao.daoimpl.ProductDaoImpl - -->SearchBy Id in impl
""2020-04-09 09:43:41 INFO  c.m.c.s.s.ProductServiceImpl - ---> Updating Product..!
""2020-04-09 09:43:41 INFO  c.m.c.dao.daoimpl.ProductDaoImpl - ---> Updating product in repository..!
""2020-04-09 09:44:12 INFO  c.m.c.s.s.UserServiceImpl - --->Creating a Cart for User..!
""2020-04-09 09:44:12 INFO  c.m.cart.dao.daoimpl.UserDaoImpl - --> Update and saving User into DB
""2020-04-09 09:44:20 INFO  c.m.cart.dao.daoimpl.CartDaoImpl - ---> Delete a cart By id...!
""2020-04-09 09:44:59 INFO  c.m.c.s.s.CartServiceImpl - ---> Cart updated Succesfully...!
""2020-04-09 09:45:22 DEBUG o.s.w.s.m.m.a.HttpEntityMethodProcessor - Using 'application/json', given [*/*] and supported [application/json, application/*+json, application/json, application/*+json]
""2020-04-09 09:45:22 DEBUG o.s.w.s.m.m.a.HttpEntityMethodProcessor - Writing [com.mindtree.cart.dto.ShopResponse@70fc579d]
""2020-04-09 09:45:22 DEBUG o.s.w.servlet.DispatcherServlet - Completed 200 OK
""2020-04-09 09:46:57 INFO  o.s.s.c.ThreadPoolTaskExecutor - Shutting down ExecutorService 'applicationTaskExecutor'
""2020-04-09 09:46:57 INFO  o.s.o.j.LocalContainerEntityManagerFactoryBean - Closing JPA EntityManagerFactory for persistence unit 'default'
""2020-04-09 09:46:57 INFO  c.zaxxer.hikari.HikariDataSource - HikariPool-1 - Shutdown initiated...
""2020-04-09 09:46:57 INFO  c.zaxxer.hikari.HikariDataSource - HikariPool-1 - Shutdown completed.
""2020-04-09 09:46:57 INFO  c.m.cart.ShoppingCartApplication - > Shopping Cart Application Started SuccessFully......!
""2020-04-09 09:46:57 INFO  c.m.cart.ShoppingCartApplication - Starting ShoppingCartApplication on A2ML37345 with PID 3304 (C:\Users\M1056182\Desktop\Shopping-cart\shopping-cart\target\classes started by M1056182 in C:\Users\M1056182\Desktop\Shopping-cart\shopping-cart)
""2020-04-09 09:46:57 INFO  c.m.cart.ShoppingCartApplication - No active profile set, falling back to default profiles: default
""2020-04-09 09:46:58 INFO  o.s.d.r.c.RepositoryConfigurationDelegate - Bootstrapping Spring Data JPA repositories in DEFAULT mode.
""2020-04-09 09:46:58 INFO  o.s.d.r.c.RepositoryConfigurationDelegate - Finished Spring Data repository scanning in 69ms. Found 5 JPA repository interfaces.
""2020-04-09 09:46:58 INFO  o.s.b.w.e.tomcat.TomcatWebServer - Tomcat initialized with port(s): 8081 (http)
""2020-04-09 09:46:58 INFO  o.a.c.core.StandardService - Starting service [Tomcat]
""2020-04-09 09:46:58 INFO  o.a.catalina.core.StandardEngine - Starting Servlet engine: [Apache Tomcat/9.0.33]
""2020-04-09 09:46:58 INFO  o.a.c.c.C.[.[localhost].[/] - Initializing Spring embedded WebApplicationContext
""2020-04-09 09:46:58 DEBUG o.s.web.context.ContextLoader - Published root WebApplicationContext as ServletContext attribute with name [org.springframework.web.context.WebApplicationContext.ROOT]
""2020-04-09 09:46:58 INFO  o.s.web.context.ContextLoader - Root WebApplicationContext: initialization completed in 1084 ms
""2020-04-09 09:46:58 INFO  c.zaxxer.hikari.HikariDataSource - HikariPool-2 - Starting...
""2020-04-09 09:46:58 INFO  c.zaxxer.hikari.HikariDataSource - HikariPool-2 - Start completed.
""2020-04-09 09:46:59 INFO  o.s.o.j.LocalContainerEntityManagerFactoryBean - Initialized JPA EntityManagerFactory for persistence unit 'default'
""2020-04-09 09:46:59 INFO  o.s.b.d.a.OptionalLiveReloadServer - LiveReload server is running on port 35729
""2020-04-09 09:46:59 WARN  o.s.b.a.o.j.JpaBaseConfiguration$JpaWebConfiguration - spring.jpa.open-in-view is enabled by default. Therefore, database queries may be performed during view rendering. Explicitly configure spring.jpa.open-in-view to disable this warning
""2020-04-09 09:46:59 DEBUG o.s.w.s.m.m.a.RequestMappingHandlerMapping - 14 mappings in 'requestMappingHandlerMapping'
""2020-04-09 09:46:59 INFO  s.d.s.w.PropertySourcedRequestMappingHandlerMapping - Mapped URL path [/v2/api-docs] onto method [springfox.documentation.swagger2.web.Swagger2Controller#getDocumentation(String, HttpServletRequest)]
""2020-04-09 09:46:59 INFO  o.s.s.c.ThreadPoolTaskExecutor - Initializing ExecutorService 'applicationTaskExecutor'
""2020-04-09 09:46:59 DEBUG o.s.w.s.m.m.a.RequestMappingHandlerAdapter - ControllerAdvice beans: 0 @ModelAttribute, 0 @InitBinder, 1 RequestBodyAdvice, 1 ResponseBodyAdvice
""2020-04-09 09:46:59 DEBUG o.s.w.s.h.SimpleUrlHandlerMapping - Patterns [/webjars/**, /**] in 'resourceHandlerMapping'
""2020-04-09 09:46:59 DEBUG o.s.w.s.m.m.a.ExceptionHandlerExceptionResolver - ControllerAdvice beans: 3 @ExceptionHandler, 1 ResponseBodyAdvice
""2020-04-09 09:46:59 INFO  s.d.s.w.p.DocumentationPluginsBootstrapper - Context refreshed
""2020-04-09 09:46:59 INFO  s.d.s.w.p.DocumentationPluginsBootstrapper - Found 1 custom documentation plugin(s)
""2020-04-09 09:46:59 INFO  s.d.s.w.s.ApiListingReferenceScanner - Scanning for api listing references
""2020-04-09 09:46:59 INFO  o.s.b.w.e.tomcat.TomcatWebServer - Tomcat started on port(s): 8081 (http) with context path ''
""2020-04-09 09:46:59 INFO  c.m.cart.ShoppingCartApplication - Started ShoppingCartApplication in 2.115 seconds (JVM running for 363.181)
""2020-04-09 09:46:59 INFO  o.s.b.d.a.ConditionEvaluationDeltaLoggingListener - Condition evaluation unchanged
""2020-04-09 09:47:18 INFO  o.s.s.c.ThreadPoolTaskExecutor - Shutting down ExecutorService 'applicationTaskExecutor'
""2020-04-09 09:47:18 INFO  o.s.o.j.LocalContainerEntityManagerFactoryBean - Closing JPA EntityManagerFactory for persistence unit 'default'
""2020-04-09 09:47:18 INFO  c.zaxxer.hikari.HikariDataSource - HikariPool-2 - Shutdown initiated...
""2020-04-09 09:47:18 INFO  c.zaxxer.hikari.HikariDataSource - HikariPool-2 - Shutdown completed.
""2020-04-09 09:47:19 INFO  c.m.cart.ShoppingCartApplication - > Shopping Cart Application Started SuccessFully......!
""2020-04-09 09:47:19 INFO  c.m.cart.ShoppingCartApplication - Starting ShoppingCartApplication on A2ML37345 with PID 3304 (C:\Users\M1056182\Desktop\Shopping-cart\shopping-cart\target\classes started by M1056182 in C:\Users\M1056182\Desktop\Shopping-cart\shopping-cart)
""2020-04-09 09:47:19 INFO  c.m.cart.ShoppingCartApplication - No active profile set, falling back to default profiles: default
""2020-04-09 09:47:19 INFO  o.s.d.r.c.RepositoryConfigurationDelegate - Bootstrapping Spring Data JPA repositories in DEFAULT mode.
""2020-04-09 09:47:19 INFO  o.s.d.r.c.RepositoryConfigurationDelegate - Finished Spring Data repository scanning in 53ms. Found 5 JPA repository interfaces.
""2020-04-09 09:47:19 INFO  o.s.b.w.e.tomcat.TomcatWebServer - Tomcat initialized with port(s): 8081 (http)
""2020-04-09 09:47:19 INFO  o.a.c.core.StandardService - Starting service [Tomcat]
""2020-04-09 09:47:19 INFO  o.a.catalina.core.StandardEngine - Starting Servlet engine: [Apache Tomcat/9.0.33]
""2020-04-09 09:47:19 INFO  o.a.c.c.C.[.[localhost].[/] - Initializing Spring embedded WebApplicationContext
""2020-04-09 09:47:19 DEBUG o.s.web.context.ContextLoader - Published root WebApplicationContext as ServletContext attribute with name [org.springframework.web.context.WebApplicationContext.ROOT]
""2020-04-09 09:47:19 INFO  o.s.web.context.ContextLoader - Root WebApplicationContext: initialization completed in 925 ms
""2020-04-09 09:47:20 INFO  c.zaxxer.hikari.HikariDataSource - HikariPool-3 - Starting...
""2020-04-09 09:47:20 INFO  c.zaxxer.hikari.HikariDataSource - HikariPool-3 - Start completed.
""2020-04-09 09:47:20 INFO  o.s.o.j.LocalContainerEntityManagerFactoryBean - Initialized JPA EntityManagerFactory for persistence unit 'default'
""2020-04-09 09:47:20 INFO  o.s.b.d.a.OptionalLiveReloadServer - LiveReload server is running on port 35729
""2020-04-09 09:47:20 WARN  o.s.b.a.o.j.JpaBaseConfiguration$JpaWebConfiguration - spring.jpa.open-in-view is enabled by default. Therefore, database queries may be performed during view rendering. Explicitly configure spring.jpa.open-in-view to disable this warning
""2020-04-09 09:47:20 DEBUG o.s.w.s.m.m.a.RequestMappingHandlerMapping - 14 mappings in 'requestMappingHandlerMapping'
""2020-04-09 09:47:20 INFO  s.d.s.w.PropertySourcedRequestMappingHandlerMapping - Mapped URL path [/v2/api-docs] onto method [springfox.documentation.swagger2.web.Swagger2Controller#getDocumentation(String, HttpServletRequest)]
""2020-04-09 09:47:20 INFO  o.s.s.c.ThreadPoolTaskExecutor - Initializing ExecutorService 'applicationTaskExecutor'
""2020-04-09 09:47:20 DEBUG o.s.w.s.m.m.a.RequestMappingHandlerAdapter - ControllerAdvice beans: 0 @ModelAttribute, 0 @InitBinder, 1 RequestBodyAdvice, 1 ResponseBodyAdvice
""2020-04-09 09:47:20 DEBUG o.s.w.s.h.SimpleUrlHandlerMapping - Patterns [/webjars/**, /**] in 'resourceHandlerMapping'
""2020-04-09 09:47:20 DEBUG o.s.w.s.m.m.a.ExceptionHandlerExceptionResolver - ControllerAdvice beans: 3 @ExceptionHandler, 1 ResponseBodyAdvice
""2020-04-09 09:47:20 INFO  s.d.s.w.p.DocumentationPluginsBootstrapper - Context refreshed
""2020-04-09 09:47:20 INFO  s.d.s.w.p.DocumentationPluginsBootstrapper - Found 1 custom documentation plugin(s)
""2020-04-09 09:47:20 INFO  s.d.s.w.s.ApiListingReferenceScanner - Scanning for api listing references
""2020-04-09 09:47:20 INFO  o.s.b.w.e.tomcat.TomcatWebServer - Tomcat started on port(s): 8081 (http) with context path ''
""2020-04-09 09:47:20 INFO  c.m.cart.ShoppingCartApplication - Started ShoppingCartApplication in 1.839 seconds (JVM running for 384.137)
""2020-04-09 09:47:20 INFO  o.s.b.d.a.ConditionEvaluationDeltaLoggingListener - Condition evaluation unchanged
""2020-04-09 09:47:44 INFO  o.a.c.c.C.[.[localhost].[/] - Initializing Spring DispatcherServlet 'dispatcherServlet'
""2020-04-09 09:47:44 INFO  o.s.w.servlet.DispatcherServlet - Initializing Servlet 'dispatcherServlet'
""2020-04-09 09:47:44 DEBUG o.s.w.servlet.DispatcherServlet - Detected StandardServletMultipartResolver
""2020-04-09 09:47:44 DEBUG o.s.w.servlet.DispatcherServlet - enableLoggingRequestDetails='false': request parameters and headers will be masked to prevent unsafe logging of potentially sensitive data
""2020-04-09 09:47:44 INFO  o.s.w.servlet.DispatcherServlet - Completed initialization in 4 ms
""2020-04-09 09:47:44 DEBUG o.s.w.servlet.DispatcherServlet - POST "/putIntoBucket/1/11", parameters={}
""2020-04-09 09:47:44 DEBUG o.s.w.s.m.m.a.RequestMappingHandlerMapping - Mapped to com.mindtree.cart.controller.CartController#putIntoBucket(int, int)
""2020-04-09 09:47:44 INFO  c.m.c.controller.CartController - ---> Adding Items into Cart...!
""2020-04-09 09:47:44 INFO  c.m.c.s.s.CartServiceImpl - ---> Adding into Cart in impl
""2020-04-09 09:47:44 INFO  c.m.c.s.s.ProductServiceImpl - ---> Fetching a Product From DB..!
""2020-04-09 09:47:44 INFO  c.m.c.dao.daoimpl.ProductDaoImpl - ---> Check product presence By Id..!
""2020-04-09 09:47:44 INFO  c.m.c.s.s.ProductServiceImpl - --->Return Product by Id..!
""2020-04-09 09:47:44 INFO  c.m.c.dao.daoimpl.ProductDaoImpl - -->SearchBy Id in impl
""2020-04-09 09:47:44 INFO  c.m.c.s.s.UserServiceImpl - --->User Fetching Starts..!
""2020-04-09 09:47:44 INFO  c.m.cart.dao.daoimpl.UserDaoImpl - --> Checking User is Present in Database...!
""2020-04-09 09:47:44 INFO  c.m.c.s.s.UserServiceImpl - -->User Found and Returned..!
""2020-04-09 09:47:44 INFO  c.m.cart.dao.daoimpl.UserDaoImpl - --> Fetching User from Repository..!
""2020-04-09 09:47:44 INFO  c.m.cart.dao.daoimpl.CartDaoImpl - ---> creating a cart in repo..>!
""2020-04-09 09:47:44 INFO  c.m.c.s.s.ProductServiceImpl - ---> Updating Product..!
""2020-04-09 09:47:44 INFO  c.m.c.dao.daoimpl.ProductDaoImpl - ---> Updating product in repository..!
""2020-04-09 09:47:44 INFO  c.m.c.s.s.CartServiceImpl - ---> product added to cart successfully...!
""2020-04-09 09:47:44 DEBUG o.s.w.s.m.m.a.HttpEntityMethodProcessor - Using 'application/json', given [*/*] and supported [application/json, application/*+json, application/json, application/*+json]
""2020-04-09 09:47:44 DEBUG o.s.w.s.m.m.a.HttpEntityMethodProcessor - Writing [com.mindtree.cart.dto.ShopResponse@3cc973a7]
""2020-04-09 09:47:44 DEBUG o.s.w.servlet.DispatcherServlet - Completed 200 OK
""2020-04-09 09:47:45 DEBUG o.s.w.servlet.DispatcherServlet - POST "/putIntoBucket/1/11", parameters={}
""2020-04-09 09:47:45 DEBUG o.s.w.s.m.m.a.RequestMappingHandlerMapping - Mapped to com.mindtree.cart.controller.CartController#putIntoBucket(int, int)
""2020-04-09 09:47:45 INFO  c.m.c.controller.CartController - ---> Adding Items into Cart...!
""2020-04-09 09:47:45 INFO  c.m.c.s.s.CartServiceImpl - ---> Adding into Cart in impl
""2020-04-09 09:47:45 INFO  c.m.c.s.s.ProductServiceImpl - ---> Fetching a Product From DB..!
""2020-04-09 09:47:45 INFO  c.m.c.dao.daoimpl.ProductDaoImpl - ---> Check product presence By Id..!
""2020-04-09 09:47:45 INFO  c.m.c.s.s.ProductServiceImpl - --->Return Product by Id..!
""2020-04-09 09:47:45 INFO  c.m.c.dao.daoimpl.ProductDaoImpl - -->SearchBy Id in impl
""2020-04-09 09:47:45 INFO  c.m.c.s.s.UserServiceImpl - --->User Fetching Starts..!
""2020-04-09 09:47:45 INFO  c.m.cart.dao.daoimpl.UserDaoImpl - --> Checking User is Present in Database...!
""2020-04-09 09:47:45 INFO  c.m.c.s.s.UserServiceImpl - -->User Found and Returned..!
""2020-04-09 09:47:45 INFO  c.m.cart.dao.daoimpl.UserDaoImpl - --> Fetching User from Repository..!
""2020-04-09 09:47:45 INFO  c.m.cart.dao.daoimpl.CartDaoImpl - ----> Fetching a cart ..!
""2020-04-09 09:47:45 INFO  c.m.cart.dao.daoimpl.CartDaoImpl - ---> Updating a cart..!
""2020-04-09 09:47:45 INFO  c.m.c.s.s.ProductServiceImpl - ---> Updating Product..!
""2020-04-09 09:47:45 INFO  c.m.c.dao.daoimpl.ProductDaoImpl - ---> Updating product in repository..!
""2020-04-09 09:47:45 INFO  c.m.c.s.s.CartServiceImpl - ---> product added to cart successfully...!
""2020-04-09 09:47:45 DEBUG o.s.w.s.m.m.a.HttpEntityMethodProcessor - Using 'application/json', given [*/*] and supported [application/json, application/*+json, application/json, application/*+json]
""2020-04-09 09:47:45 DEBUG o.s.w.s.m.m.a.HttpEntityMethodProcessor - Writing [com.mindtree.cart.dto.ShopResponse@3cc973a7]
""2020-04-09 09:47:45 DEBUG o.s.w.servlet.DispatcherServlet - Completed 200 OK
""2020-04-09 09:47:46 DEBUG o.s.w.servlet.DispatcherServlet - POST "/putIntoBucket/1/11", parameters={}
""2020-04-09 09:47:46 DEBUG o.s.w.s.m.m.a.RequestMappingHandlerMapping - Mapped to com.mindtree.cart.controller.CartController#putIntoBucket(int, int)
""2020-04-09 09:47:46 INFO  c.m.c.controller.CartController - ---> Adding Items into Cart...!
""2020-04-09 09:47:46 INFO  c.m.c.s.s.CartServiceImpl - ---> Adding into Cart in impl
""2020-04-09 09:47:46 INFO  c.m.c.s.s.ProductServiceImpl - ---> Fetching a Product From DB..!
""2020-04-09 09:47:46 INFO  c.m.c.dao.daoimpl.ProductDaoImpl - ---> Check product presence By Id..!
""2020-04-09 09:47:46 INFO  c.m.c.s.s.ProductServiceImpl - --->Return Product by Id..!
""2020-04-09 09:47:46 INFO  c.m.c.dao.daoimpl.ProductDaoImpl - -->SearchBy Id in impl
""2020-04-09 09:47:46 INFO  c.m.c.s.s.UserServiceImpl - --->User Fetching Starts..!
""2020-04-09 09:47:46 INFO  c.m.cart.dao.daoimpl.UserDaoImpl - --> Checking User is Present in Database...!
""2020-04-09 09:47:46 INFO  c.m.c.s.s.UserServiceImpl - -->User Found and Returned..!
""2020-04-09 09:47:46 INFO  c.m.cart.dao.daoimpl.UserDaoImpl - --> Fetching User from Repository..!
""2020-04-09 09:47:46 INFO  c.m.cart.dao.daoimpl.CartDaoImpl - ----> Fetching a cart ..!
""2020-04-09 09:47:46 INFO  c.m.cart.dao.daoimpl.CartDaoImpl - ---> Updating a cart..!
""2020-04-09 09:47:46 INFO  c.m.c.s.s.ProductServiceImpl - ---> Updating Product..!
""2020-04-09 09:47:46 INFO  c.m.c.dao.daoimpl.ProductDaoImpl - ---> Updating product in repository..!
""2020-04-09 09:47:46 INFO  c.m.c.s.s.CartServiceImpl - ---> product added to cart successfully...!
""2020-04-09 09:47:46 DEBUG o.s.w.s.m.m.a.HttpEntityMethodProcessor - Using 'application/json', given [*/*] and supported [application/json, application/*+json, application/json, application/*+json]
""2020-04-09 09:47:46 DEBUG o.s.w.s.m.m.a.HttpEntityMethodProcessor - Writing [com.mindtree.cart.dto.ShopResponse@3cc973a7]
""2020-04-09 09:47:46 DEBUG o.s.w.servlet.DispatcherServlet - Completed 200 OK
""2020-04-09 09:47:50 DEBUG o.s.w.servlet.DispatcherServlet - POST "/updateCart/1/11/0", parameters={}
""2020-04-09 09:47:50 DEBUG o.s.w.s.m.m.a.RequestMappingHandlerMapping - Mapped to com.mindtree.cart.controller.CartController#updateCart(int, int, int)
""2020-04-09 09:47:55 INFO  c.m.c.controller.CartController - ---> update cart for particular userId and productId...!
""2020-04-09 09:47:58 INFO  c.m.c.s.s.CartServiceImpl - ---> update cart in impl..!
""2020-04-09 09:47:58 INFO  c.m.c.s.s.UserServiceImpl - --->User Fetching Starts..!
""2020-04-09 09:47:58 INFO  c.m.cart.dao.daoimpl.UserDaoImpl - --> Checking User is Present in Database...!
""2020-04-09 09:47:59 INFO  c.m.c.s.s.UserServiceImpl - -->User Found and Returned..!
""2020-04-09 09:47:59 INFO  c.m.cart.dao.daoimpl.UserDaoImpl - --> Fetching User from Repository..!
""2020-04-09 09:47:59 INFO  c.m.cart.dao.daoimpl.CartDaoImpl - ----> Fetching a cart ..!
""2020-04-09 09:48:01 INFO  c.m.c.s.s.ProductServiceImpl - ---> Fetching a Product From DB..!
""2020-04-09 09:48:01 INFO  c.m.c.dao.daoimpl.ProductDaoImpl - ---> Check product presence By Id..!
""2020-04-09 09:48:01 INFO  c.m.c.s.s.ProductServiceImpl - --->Return Product by Id..!
""2020-04-09 09:48:01 INFO  c.m.c.dao.daoimpl.ProductDaoImpl - -->SearchBy Id in impl
""2020-04-09 09:48:09 INFO  c.m.c.s.s.ProductServiceImpl - ---> Updating Product..!
""2020-04-09 09:48:09 INFO  c.m.c.dao.daoimpl.ProductDaoImpl - ---> Updating product in repository..!
""2020-04-09 09:48:22 INFO  c.m.c.s.s.UserServiceImpl - --->Creating a Cart for User..!
""2020-04-09 09:48:22 INFO  c.m.cart.dao.daoimpl.UserDaoImpl - --> Update and saving User into DB
""2020-04-09 09:48:23 INFO  c.m.cart.dao.daoimpl.CartDaoImpl - ---> Delete a cart By id...!
""2020-04-09 09:48:24 INFO  c.m.c.s.s.CartServiceImpl - ---> Cart updated Succesfully...!
""2020-04-09 09:48:27 DEBUG o.s.w.s.m.m.a.HttpEntityMethodProcessor - Using 'application/json', given [*/*] and supported [application/json, application/*+json, application/json, application/*+json]
""2020-04-09 09:48:27 DEBUG o.s.w.s.m.m.a.HttpEntityMethodProcessor - Writing [com.mindtree.cart.dto.ShopResponse@3cc973a7]
""2020-04-09 09:48:27 DEBUG o.s.w.servlet.DispatcherServlet - Completed 200 OK
""2020-04-09 09:49:20 DEBUG o.s.w.servlet.DispatcherServlet - POST "/putIntoBucket/1/11", parameters={}
""2020-04-09 09:49:20 DEBUG o.s.w.s.m.m.a.RequestMappingHandlerMapping - Mapped to com.mindtree.cart.controller.CartController#putIntoBucket(int, int)
""2020-04-09 09:49:20 INFO  c.m.c.controller.CartController - ---> Adding Items into Cart...!
""2020-04-09 09:49:20 INFO  c.m.c.s.s.CartServiceImpl - ---> Adding into Cart in impl
""2020-04-09 09:49:20 INFO  c.m.c.s.s.ProductServiceImpl - ---> Fetching a Product From DB..!
""2020-04-09 09:49:20 INFO  c.m.c.dao.daoimpl.ProductDaoImpl - ---> Check product presence By Id..!
""2020-04-09 09:49:20 INFO  c.m.c.s.s.ProductServiceImpl - --->Return Product by Id..!
""2020-04-09 09:49:20 INFO  c.m.c.dao.daoimpl.ProductDaoImpl - -->SearchBy Id in impl
""2020-04-09 09:49:20 INFO  c.m.c.s.s.UserServiceImpl - --->User Fetching Starts..!
""2020-04-09 09:49:20 INFO  c.m.cart.dao.daoimpl.UserDaoImpl - --> Checking User is Present in Database...!
""2020-04-09 09:49:20 INFO  c.m.c.s.s.UserServiceImpl - -->User Found and Returned..!
""2020-04-09 09:49:20 INFO  c.m.cart.dao.daoimpl.UserDaoImpl - --> Fetching User from Repository..!
""2020-04-09 09:49:20 INFO  c.m.cart.dao.daoimpl.CartDaoImpl - ---> creating a cart in repo..>!
""2020-04-09 09:49:20 INFO  c.m.c.s.s.ProductServiceImpl - ---> Updating Product..!
""2020-04-09 09:49:20 INFO  c.m.c.dao.daoimpl.ProductDaoImpl - ---> Updating product in repository..!
""2020-04-09 09:49:20 INFO  c.m.c.s.s.CartServiceImpl - ---> product added to cart successfully...!
""2020-04-09 09:49:20 DEBUG o.s.w.s.m.m.a.HttpEntityMethodProcessor - Using 'application/json', given [*/*] and supported [application/json, application/*+json, application/json, application/*+json]
""2020-04-09 09:49:20 DEBUG o.s.w.s.m.m.a.HttpEntityMethodProcessor - Writing [com.mindtree.cart.dto.ShopResponse@3cc973a7]
""2020-04-09 09:49:20 DEBUG o.s.w.servlet.DispatcherServlet - Completed 200 OK
""2020-04-09 09:49:23 DEBUG o.s.w.servlet.DispatcherServlet - POST "/updateCart/1/11/0", parameters={}
""2020-04-09 09:49:23 DEBUG o.s.w.s.m.m.a.RequestMappingHandlerMapping - Mapped to com.mindtree.cart.controller.CartController#updateCart(int, int, int)
""2020-04-09 09:49:28 INFO  c.m.c.controller.CartController - ---> update cart for particular userId and productId...!
""2020-04-09 09:49:28 INFO  c.m.c.s.s.CartServiceImpl - ---> update cart in impl..!
""2020-04-09 09:49:28 INFO  c.m.c.s.s.UserServiceImpl - --->User Fetching Starts..!
""2020-04-09 09:49:28 INFO  c.m.cart.dao.daoimpl.UserDaoImpl - --> Checking User is Present in Database...!
""2020-04-09 09:49:29 INFO  c.m.c.s.s.UserServiceImpl - -->User Found and Returned..!
""2020-04-09 09:49:29 INFO  c.m.cart.dao.daoimpl.UserDaoImpl - --> Fetching User from Repository..!
""2020-04-09 09:49:29 INFO  c.m.cart.dao.daoimpl.CartDaoImpl - ----> Fetching a cart ..!
""2020-04-09 09:49:29 INFO  c.m.c.s.s.ProductServiceImpl - ---> Fetching a Product From DB..!
""2020-04-09 09:49:29 INFO  c.m.c.dao.daoimpl.ProductDaoImpl - ---> Check product presence By Id..!
""2020-04-09 09:49:29 INFO  c.m.c.s.s.ProductServiceImpl - --->Return Product by Id..!
""2020-04-09 09:49:29 INFO  c.m.c.dao.daoimpl.ProductDaoImpl - -->SearchBy Id in impl
""2020-04-09 09:49:31 INFO  c.m.c.s.s.ProductServiceImpl - ---> Updating Product..!
""2020-04-09 09:49:31 INFO  c.m.c.dao.daoimpl.ProductDaoImpl - ---> Updating product in repository..!
""2020-04-09 09:49:49 INFO  c.m.c.s.s.UserServiceImpl - --->Creating a Cart for User..!
""2020-04-09 09:49:50 INFO  c.m.cart.dao.daoimpl.UserDaoImpl - --> Update and saving User into DB
""2020-04-09 09:49:50 INFO  c.m.cart.dao.daoimpl.CartDaoImpl - ---> Delete a cart By id...!
""2020-04-09 09:51:27 INFO  o.s.s.c.ThreadPoolTaskExecutor - Shutting down ExecutorService 'applicationTaskExecutor'
""2020-04-09 09:51:27 INFO  o.s.o.j.LocalContainerEntityManagerFactoryBean - Closing JPA EntityManagerFactory for persistence unit 'default'
""2020-04-09 09:51:27 INFO  c.zaxxer.hikari.HikariDataSource - HikariPool-3 - Shutdown initiated...
""2020-04-09 09:51:27 INFO  c.zaxxer.hikari.HikariDataSource - HikariPool-3 - Shutdown completed.
""2020-04-09 09:51:29 INFO  c.m.c.s.s.CartServiceImpl - ---> update cart in impl..!
""2020-04-09 09:51:29 INFO  c.m.c.s.s.UserServiceImpl - --->User Fetching Starts..!
""2020-04-09 09:51:29 INFO  c.m.cart.dao.daoimpl.UserDaoImpl - --> Checking User is Present in Database...!
""2020-04-09 09:51:34 INFO  c.m.cart.ShoppingCartApplication - > Shopping Cart Application Started SuccessFully......!
""2020-04-09 09:51:34 INFO  c.m.cart.ShoppingCartApplication - Starting ShoppingCartApplication on A2ML37345 with PID 3304 (C:\Users\M1056182\Desktop\Shopping-cart\shopping-cart\target\classes started by M1056182 in C:\Users\M1056182\Desktop\Shopping-cart\shopping-cart)
""2020-04-09 09:51:34 INFO  c.m.cart.ShoppingCartApplication - No active profile set, falling back to default profiles: default
""2020-04-09 09:51:35 INFO  o.s.d.r.c.RepositoryConfigurationDelegate - Bootstrapping Spring Data JPA repositories in DEFAULT mode.
""2020-04-09 09:51:35 INFO  o.s.d.r.c.RepositoryConfigurationDelegate - Finished Spring Data repository scanning in 54ms. Found 5 JPA repository interfaces.
""2020-04-09 09:51:35 INFO  o.s.b.w.e.tomcat.TomcatWebServer - Tomcat initialized with port(s): 8081 (http)
""2020-04-09 09:51:35 INFO  o.a.c.core.StandardService - Starting service [Tomcat]
""2020-04-09 09:51:35 INFO  o.a.catalina.core.StandardEngine - Starting Servlet engine: [Apache Tomcat/9.0.33]
""2020-04-09 09:51:35 INFO  o.a.c.c.C.[.[localhost].[/] - Initializing Spring embedded WebApplicationContext
""2020-04-09 09:51:35 DEBUG o.s.web.context.ContextLoader - Published root WebApplicationContext as ServletContext attribute with name [org.springframework.web.context.WebApplicationContext.ROOT]
""2020-04-09 09:51:35 INFO  o.s.web.context.ContextLoader - Root WebApplicationContext: initialization completed in 1003 ms
""2020-04-09 09:51:35 INFO  c.zaxxer.hikari.HikariDataSource - HikariPool-4 - Starting...
""2020-04-09 09:51:36 INFO  c.zaxxer.hikari.HikariDataSource - HikariPool-4 - Start completed.
""2020-04-09 09:51:36 INFO  o.s.o.j.LocalContainerEntityManagerFactoryBean - Initialized JPA EntityManagerFactory for persistence unit 'default'
""2020-04-09 09:51:36 INFO  o.s.b.d.a.OptionalLiveReloadServer - LiveReload server is running on port 35729
""2020-04-09 09:51:36 WARN  o.s.b.a.o.j.JpaBaseConfiguration$JpaWebConfiguration - spring.jpa.open-in-view is enabled by default. Therefore, database queries may be performed during view rendering. Explicitly configure spring.jpa.open-in-view to disable this warning
""2020-04-09 09:51:36 DEBUG o.s.w.s.m.m.a.RequestMappingHandlerMapping - 14 mappings in 'requestMappingHandlerMapping'
""2020-04-09 09:51:36 INFO  s.d.s.w.PropertySourcedRequestMappingHandlerMapping - Mapped URL path [/v2/api-docs] onto method [springfox.documentation.swagger2.web.Swagger2Controller#getDocumentation(String, HttpServletRequest)]
""2020-04-09 09:51:36 INFO  o.s.s.c.ThreadPoolTaskExecutor - Initializing ExecutorService 'applicationTaskExecutor'
""2020-04-09 09:51:36 DEBUG o.s.w.s.m.m.a.RequestMappingHandlerAdapter - ControllerAdvice beans: 0 @ModelAttribute, 0 @InitBinder, 1 RequestBodyAdvice, 1 ResponseBodyAdvice
""2020-04-09 09:51:36 DEBUG o.s.w.s.h.SimpleUrlHandlerMapping - Patterns [/webjars/**, /**] in 'resourceHandlerMapping'
""2020-04-09 09:51:36 DEBUG o.s.w.s.m.m.a.ExceptionHandlerExceptionResolver - ControllerAdvice beans: 3 @ExceptionHandler, 1 ResponseBodyAdvice
""2020-04-09 09:51:36 INFO  s.d.s.w.p.DocumentationPluginsBootstrapper - Context refreshed
""2020-04-09 09:51:36 INFO  s.d.s.w.p.DocumentationPluginsBootstrapper - Found 1 custom documentation plugin(s)
""2020-04-09 09:51:36 INFO  s.d.s.w.s.ApiListingReferenceScanner - Scanning for api listing references
""2020-04-09 09:51:36 INFO  o.s.b.w.e.tomcat.TomcatWebServer - Tomcat started on port(s): 8081 (http) with context path ''
""2020-04-09 09:51:36 INFO  c.m.cart.ShoppingCartApplication - Started ShoppingCartApplication in 2.134 seconds (JVM running for 639.839)
""2020-04-09 09:51:36 INFO  o.s.b.d.a.ConditionEvaluationDeltaLoggingListener - Condition evaluation unchanged
""2020-04-09 09:52:13 INFO  o.a.c.c.C.[.[localhost].[/] - Initializing Spring DispatcherServlet 'dispatcherServlet'
""2020-04-09 09:52:13 INFO  o.s.w.servlet.DispatcherServlet - Initializing Servlet 'dispatcherServlet'
""2020-04-09 09:52:13 DEBUG o.s.w.servlet.DispatcherServlet - Detected StandardServletMultipartResolver
""2020-04-09 09:52:13 DEBUG o.s.w.servlet.DispatcherServlet - enableLoggingRequestDetails='false': request parameters and headers will be masked to prevent unsafe logging of potentially sensitive data
""2020-04-09 09:52:13 INFO  o.s.w.servlet.DispatcherServlet - Completed initialization in 4 ms
""2020-04-09 09:52:13 DEBUG o.s.w.servlet.DispatcherServlet - POST "/putIntoBucket/1/11", parameters={}
""2020-04-09 09:52:13 DEBUG o.s.w.s.m.m.a.RequestMappingHandlerMapping - Mapped to com.mindtree.cart.controller.CartController#putIntoBucket(int, int)
""2020-04-09 09:52:13 INFO  c.m.c.controller.CartController - ---> Adding Items into Cart...!
""2020-04-09 09:52:13 INFO  c.m.c.s.s.CartServiceImpl - ---> Adding into Cart in impl
""2020-04-09 09:52:13 INFO  c.m.c.s.s.ProductServiceImpl - ---> Fetching a Product From DB..!
""2020-04-09 09:52:13 INFO  c.m.c.dao.daoimpl.ProductDaoImpl - ---> Check product presence By Id..!
""2020-04-09 09:52:13 INFO  c.m.c.s.s.ProductServiceImpl - --->Return Product by Id..!
""2020-04-09 09:52:13 INFO  c.m.c.dao.daoimpl.ProductDaoImpl - -->SearchBy Id in impl
""2020-04-09 09:52:13 INFO  c.m.c.s.s.UserServiceImpl - --->User Fetching Starts..!
""2020-04-09 09:52:13 INFO  c.m.cart.dao.daoimpl.UserDaoImpl - --> Checking User is Present in Database...!
""2020-04-09 09:52:13 INFO  c.m.c.s.s.UserServiceImpl - -->User Found and Returned..!
""2020-04-09 09:52:13 INFO  c.m.cart.dao.daoimpl.UserDaoImpl - --> Fetching User from Repository..!
""2020-04-09 09:52:13 INFO  c.m.cart.dao.daoimpl.CartDaoImpl - ---> creating a cart in repo..>!
""2020-04-09 09:52:13 INFO  c.m.c.s.s.ProductServiceImpl - ---> Updating Product..!
""2020-04-09 09:52:13 INFO  c.m.c.dao.daoimpl.ProductDaoImpl - ---> Updating product in repository..!
""2020-04-09 09:52:13 INFO  c.m.c.s.s.CartServiceImpl - ---> product added to cart successfully...!
""2020-04-09 09:52:13 DEBUG o.s.w.s.m.m.a.HttpEntityMethodProcessor - Using 'application/json', given [*/*] and supported [application/json, application/*+json, application/json, application/*+json]
""2020-04-09 09:52:13 DEBUG o.s.w.s.m.m.a.HttpEntityMethodProcessor - Writing [com.mindtree.cart.dto.ShopResponse@46a9a2f5]
""2020-04-09 09:52:13 DEBUG o.s.w.servlet.DispatcherServlet - Completed 200 OK
""2020-04-09 09:52:23 DEBUG o.s.w.servlet.DispatcherServlet - POST "/updateCart/1/11/0", parameters={}
""2020-04-09 09:52:23 DEBUG o.s.w.s.m.m.a.RequestMappingHandlerMapping - Mapped to com.mindtree.cart.controller.CartController#updateCart(int, int, int)
""2020-04-09 09:52:31 DEBUG o.s.w.servlet.DispatcherServlet - Failed to complete request: org.springframework.beans.factory.BeanCreationException: Error creating bean with name 'entityManagerFactory' defined in class path resource [org/springframework/boot/autoconfigure/orm/jpa/HibernateJpaConfiguration.class]: Bean instantiation via factory method failed; nested exception is org.springframework.beans.BeanInstantiationException: Failed to instantiate [org.springframework.orm.jpa.LocalContainerEntityManagerFactoryBean]: Factory method 'entityManagerFactory' threw exception; nested exception is org.springframework.beans.factory.BeanCreationException: Error creating bean with name 'org.springframework.boot.autoconfigure.AutoConfigurationPackages': Initialization of bean failed; nested exception is org.springframework.beans.factory.BeanCreationException: Error creating bean with name 'org.springframework.transaction.annotation.ProxyTransactionManagementConfiguration': Initialization of bean failed; nested exception is org.springframework.beans.factory.NoSuchBeanDefinitionException: No bean named 'org.springframework.context.annotation.ConfigurationClassPostProcessor.importRegistry' available
""2020-04-09 09:52:31 ERROR o.a.c.c.C.[.[.[.[dispatcherServlet] - Servlet.service() for servlet [dispatcherServlet] in context with path [] threw exception [Request processing failed; nested exception is org.springframework.beans.factory.BeanCreationException: Error creating bean with name 'entityManagerFactory' defined in class path resource [org/springframework/boot/autoconfigure/orm/jpa/HibernateJpaConfiguration.class]: Bean instantiation via factory method failed; nested exception is org.springframework.beans.BeanInstantiationException: Failed to instantiate [org.springframework.orm.jpa.LocalContainerEntityManagerFactoryBean]: Factory method 'entityManagerFactory' threw exception; nested exception is org.springframework.beans.factory.BeanCreationException: Error creating bean with name 'org.springframework.boot.autoconfigure.AutoConfigurationPackages': Initialization of bean failed; nested exception is org.springframework.beans.factory.BeanCreationException: Error creating bean with name 'org.springframework.transaction.annotation.ProxyTransactionManagementConfiguration': Initialization of bean failed; nested exception is org.springframework.beans.factory.NoSuchBeanDefinitionException: No bean named 'org.springframework.context.annotation.ConfigurationClassPostProcessor.importRegistry' available] with root cause
"org.springframework.beans.factory.NoSuchBeanDefinitionException: No bean named 'org.springframework.context.annotation.ConfigurationClassPostProcessor.importRegistry' available
	at org.springframework.beans.factory.support.DefaultListableBeanFactory.getBeanDefinition(DefaultListableBeanFactory.java:808) ~[spring-beans-5.2.5.RELEASE.jar:5.2.5.RELEASE]
	at org.springframework.beans.factory.support.AbstractBeanFactory.getMergedLocalBeanDefinition(AbstractBeanFactory.java:1279) ~[spring-beans-5.2.5.RELEASE.jar:5.2.5.RELEASE]
	at org.springframework.beans.factory.support.AbstractBeanFactory.doGetBean(AbstractBeanFactory.java:297) ~[spring-beans-5.2.5.RELEASE.jar:5.2.5.RELEASE]
	at org.springframework.beans.factory.support.AbstractBeanFactory.getBean(AbstractBeanFactory.java:207) ~[spring-beans-5.2.5.RELEASE.jar:5.2.5.RELEASE]
	at org.springframework.context.annotation.ConfigurationClassPostProcessor$ImportAwareBeanPostProcessor.postProcessBeforeInitialization(ConfigurationClassPostProcessor.java:456) ~[spring-context-5.2.5.RELEASE.jar:5.2.5.RELEASE]
	at org.springframework.beans.factory.support.AbstractAutowireCapableBeanFactory.applyBeanPostProcessorsBeforeInitialization(AbstractAutowireCapableBeanFactory.java:416) ~[spring-beans-5.2.5.RELEASE.jar:5.2.5.RELEASE]
	at org.springframework.beans.factory.support.AbstractAutowireCapableBeanFactory.initializeBean(AbstractAutowireCapableBeanFactory.java:1788) ~[spring-beans-5.2.5.RELEASE.jar:5.2.5.RELEASE]
	at org.springframework.beans.factory.support.AbstractAutowireCapableBeanFactory.doCreateBean(AbstractAutowireCapableBeanFactory.java:595) ~[spring-beans-5.2.5.RELEASE.jar:5.2.5.RELEASE]
	at org.springframework.beans.factory.support.AbstractAutowireCapableBeanFactory.createBean(AbstractAutowireCapableBeanFactory.java:517) ~[spring-beans-5.2.5.RELEASE.jar:5.2.5.RELEASE]
	at org.springframework.beans.factory.support.AbstractBeanFactory.lambda$doGetBean$0(AbstractBeanFactory.java:323) ~[spring-beans-5.2.5.RELEASE.jar:5.2.5.RELEASE]
	at org.springframework.beans.factory.support.DefaultSingletonBeanRegistry.getSingleton(DefaultSingletonBeanRegistry.java:222) ~[spring-beans-5.2.5.RELEASE.jar:5.2.5.RELEASE]
	at org.springframework.beans.factory.support.AbstractBeanFactory.doGetBean(AbstractBeanFactory.java:321) ~[spring-beans-5.2.5.RELEASE.jar:5.2.5.RELEASE]
	at org.springframework.beans.factory.support.AbstractBeanFactory.getBean(AbstractBeanFactory.java:202) ~[spring-beans-5.2.5.RELEASE.jar:5.2.5.RELEASE]
	at org.springframework.beans.factory.support.ConstructorResolver.instantiateUsingFactoryMethod(ConstructorResolver.java:409) ~[spring-beans-5.2.5.RELEASE.jar:5.2.5.RELEASE]
	at org.springframework.beans.factory.support.AbstractAutowireCapableBeanFactory.instantiateUsingFactoryMethod(AbstractAutowireCapableBeanFactory.java:1338) ~[spring-beans-5.2.5.RELEASE.jar:5.2.5.RELEASE]
	at org.springframework.beans.factory.support.AbstractAutowireCapableBeanFactory.createBeanInstance(AbstractAutowireCapableBeanFactory.java:1177) ~[spring-beans-5.2.5.RELEASE.jar:5.2.5.RELEASE]
	at org.springframework.beans.factory.support.AbstractAutowireCapableBeanFactory.doCreateBean(AbstractAutowireCapableBeanFactory.java:557) ~[spring-beans-5.2.5.RELEASE.jar:5.2.5.RELEASE]
	at org.springframework.beans.factory.support.AbstractAutowireCapableBeanFactory.createBean(AbstractAutowireCapableBeanFactory.java:517) ~[spring-beans-5.2.5.RELEASE.jar:5.2.5.RELEASE]
	at org.springframework.beans.factory.support.AbstractBeanFactory.lambda$doGetBean$0(AbstractBeanFactory.java:323) ~[spring-beans-5.2.5.RELEASE.jar:5.2.5.RELEASE]
	at org.springframework.beans.factory.support.DefaultSingletonBeanRegistry.getSingleton(DefaultSingletonBeanRegistry.java:222) ~[spring-beans-5.2.5.RELEASE.jar:5.2.5.RELEASE]
	at org.springframework.beans.factory.support.AbstractBeanFactory.doGetBean(AbstractBeanFactory.java:321) ~[spring-beans-5.2.5.RELEASE.jar:5.2.5.RELEASE]
	at org.springframework.beans.factory.support.AbstractBeanFactory.getBean(AbstractBeanFactory.java:207) ~[spring-beans-5.2.5.RELEASE.jar:5.2.5.RELEASE]
	at org.springframework.aop.framework.autoproxy.BeanFactoryAdvisorRetrievalHelper.findAdvisorBeans(BeanFactoryAdvisorRetrievalHelper.java:91) ~[spring-aop-5.2.5.RELEASE.jar:5.2.5.RELEASE]
	at org.springframework.aop.framework.autoproxy.AbstractAdvisorAutoProxyCreator.findCandidateAdvisors(AbstractAdvisorAutoProxyCreator.java:109) ~[spring-aop-5.2.5.RELEASE.jar:5.2.5.RELEASE]
	at org.springframework.aop.aspectj.annotation.AnnotationAwareAspectJAutoProxyCreator.findCandidateAdvisors(AnnotationAwareAspectJAutoProxyCreator.java:92) ~[spring-aop-5.2.5.RELEASE.jar:5.2.5.RELEASE]
	at org.springframework.aop.aspectj.autoproxy.AspectJAwareAdvisorAutoProxyCreator.shouldSkip(AspectJAwareAdvisorAutoProxyCreator.java:101) ~[spring-aop-5.2.5.RELEASE.jar:5.2.5.RELEASE]
	at org.springframework.aop.framework.autoproxy.AbstractAutoProxyCreator.wrapIfNecessary(AbstractAutoProxyCreator.java:341) ~[spring-aop-5.2.5.RELEASE.jar:5.2.5.RELEASE]
	at org.springframework.aop.framework.autoproxy.AbstractAutoProxyCreator.postProcessAfterInitialization(AbstractAutoProxyCreator.java:299) ~[spring-aop-5.2.5.RELEASE.jar:5.2.5.RELEASE]
	at org.springframework.beans.factory.support.AbstractAutowireCapableBeanFactory.applyBeanPostProcessorsAfterInitialization(AbstractAutowireCapableBeanFactory.java:431) ~[spring-beans-5.2.5.RELEASE.jar:5.2.5.RELEASE]
	at org.springframework.beans.factory.support.AbstractAutowireCapableBeanFactory.initializeBean(AbstractAutowireCapableBeanFactory.java:1800) ~[spring-beans-5.2.5.RELEASE.jar:5.2.5.RELEASE]
	at org.springframework.beans.factory.support.AbstractAutowireCapableBeanFactory.doCreateBean(AbstractAutowireCapableBeanFactory.java:595) ~[spring-beans-5.2.5.RELEASE.jar:5.2.5.RELEASE]
	at org.springframework.beans.factory.support.AbstractAutowireCapableBeanFactory.createBean(AbstractAutowireCapableBeanFactory.java:517) ~[spring-beans-5.2.5.RELEASE.jar:5.2.5.RELEASE]
	at org.springframework.beans.factory.support.AbstractBeanFactory.lambda$doGetBean$0(AbstractBeanFactory.java:323) ~[spring-beans-5.2.5.RELEASE.jar:5.2.5.RELEASE]
	at org.springframework.beans.factory.support.DefaultSingletonBeanRegistry.getSingleton(DefaultSingletonBeanRegistry.java:222) ~[spring-beans-5.2.5.RELEASE.jar:5.2.5.RELEASE]
	at org.springframework.beans.factory.support.AbstractBeanFactory.doGetBean(AbstractBeanFactory.java:321) ~[spring-beans-5.2.5.RELEASE.jar:5.2.5.RELEASE]
	at org.springframework.beans.factory.support.AbstractBeanFactory.getBean(AbstractBeanFactory.java:207) ~[spring-beans-5.2.5.RELEASE.jar:5.2.5.RELEASE]
	at org.springframework.boot.autoconfigure.AutoConfigurationPackages.get(AutoConfigurationPackages.java:74) ~[spring-boot-autoconfigure-2.2.6.RELEASE.jar:2.2.6.RELEASE]
	at org.springframework.boot.autoconfigure.AutoConfigurationPackages.has(AutoConfigurationPackages.java:63) ~[spring-boot-autoconfigure-2.2.6.RELEASE.jar:2.2.6.RELEASE]
	at org.springframework.boot.autoconfigure.orm.jpa.JpaBaseConfiguration.getPackagesToScan(JpaBaseConfiguration.java:153) ~[spring-boot-autoconfigure-2.2.6.RELEASE.jar:2.2.6.RELEASE]
	at org.springframework.boot.autoconfigure.orm.jpa.JpaBaseConfiguration.entityManagerFactory(JpaBaseConfiguration.java:135) ~[spring-boot-autoconfigure-2.2.6.RELEASE.jar:2.2.6.RELEASE]
	at sun.reflect.NativeMethodAccessorImpl.invoke0(Native Method) ~[na:1.8.0_152]
	at sun.reflect.NativeMethodAccessorImpl.invoke(Unknown Source) ~[na:1.8.0_152]
	at sun.reflect.DelegatingMethodAccessorImpl.invoke(Unknown Source) ~[na:1.8.0_152]
	at java.lang.reflect.Method.invoke(Unknown Source) ~[na:1.8.0_152]
	at org.springframework.beans.factory.support.SimpleInstantiationStrategy.instantiate(SimpleInstantiationStrategy.java:154) ~[spring-beans-5.2.5.RELEASE.jar:5.2.5.RELEASE]
	at org.springframework.beans.factory.support.ConstructorResolver.instantiate(ConstructorResolver.java:651) ~[spring-beans-5.2.5.RELEASE.jar:5.2.5.RELEASE]
	at org.springframework.beans.factory.support.ConstructorResolver.instantiateUsingFactoryMethod(ConstructorResolver.java:636) ~[spring-beans-5.2.5.RELEASE.jar:5.2.5.RELEASE]
	at org.springframework.beans.factory.support.AbstractAutowireCapableBeanFactory.instantiateUsingFactoryMethod(AbstractAutowireCapableBeanFactory.java:1338) ~[spring-beans-5.2.5.RELEASE.jar:5.2.5.RELEASE]
	at org.springframework.beans.factory.support.AbstractAutowireCapableBeanFactory.createBeanInstance(AbstractAutowireCapableBeanFactory.java:1177) ~[spring-beans-5.2.5.RELEASE.jar:5.2.5.RELEASE]
	at org.springframework.beans.factory.support.AbstractAutowireCapableBeanFactory.doCreateBean(AbstractAutowireCapableBeanFactory.java:557) ~[spring-beans-5.2.5.RELEASE.jar:5.2.5.RELEASE]
	at org.springframework.beans.factory.support.AbstractAutowireCapableBeanFactory.createBean(AbstractAutowireCapableBeanFactory.java:517) ~[spring-beans-5.2.5.RELEASE.jar:5.2.5.RELEASE]
	at org.springframework.beans.factory.support.AbstractBeanFactory.lambda$doGetBean$0(AbstractBeanFactory.java:323) ~[spring-beans-5.2.5.RELEASE.jar:5.2.5.RELEASE]
	at org.springframework.beans.factory.support.DefaultSingletonBeanRegistry.getSingleton(DefaultSingletonBeanRegistry.java:222) ~[spring-beans-5.2.5.RELEASE.jar:5.2.5.RELEASE]
	at org.springframework.beans.factory.support.AbstractBeanFactory.doGetBean(AbstractBeanFactory.java:321) ~[spring-beans-5.2.5.RELEASE.jar:5.2.5.RELEASE]
	at org.springframework.beans.factory.support.AbstractBeanFactory.getBean(AbstractBeanFactory.java:202) ~[spring-beans-5.2.5.RELEASE.jar:5.2.5.RELEASE]
	at org.springframework.beans.factory.support.DefaultListableBeanFactory.getBeansOfType(DefaultListableBeanFactory.java:620) ~[spring-beans-5.2.5.RELEASE.jar:5.2.5.RELEASE]
	at org.springframework.beans.factory.BeanFactoryUtils.beansOfTypeIncludingAncestors(BeanFactoryUtils.java:378) ~[spring-beans-5.2.5.RELEASE.jar:5.2.5.RELEASE]
	at org.springframework.dao.support.PersistenceExceptionTranslationInterceptor.detectPersistenceExceptionTranslators(PersistenceExceptionTranslationInterceptor.java:168) ~[spring-tx-5.2.5.RELEASE.jar:5.2.5.RELEASE]
	at org.springframework.dao.support.PersistenceExceptionTranslationInterceptor.invoke(PersistenceExceptionTranslationInterceptor.java:150) ~[spring-tx-5.2.5.RELEASE.jar:5.2.5.RELEASE]
	at org.springframework.aop.framework.ReflectiveMethodInvocation.proceed(ReflectiveMethodInvocation.java:186) ~[spring-aop-5.2.5.RELEASE.jar:5.2.5.RELEASE]
	at org.springframework.data.jpa.repository.support.CrudMethodMetadataPostProcessor$CrudMethodMetadataPopulatingMethodInterceptor.invoke(CrudMethodMetadataPostProcessor.java:178) ~[spring-data-jpa-2.2.6.RELEASE.jar:2.2.6.RELEASE]
	at org.springframework.aop.framework.ReflectiveMethodInvocation.proceed(ReflectiveMethodInvocation.java:186) ~[spring-aop-5.2.5.RELEASE.jar:5.2.5.RELEASE]
	at org.springframework.aop.interceptor.ExposeInvocationInterceptor.invoke(ExposeInvocationInterceptor.java:95) ~[spring-aop-5.2.5.RELEASE.jar:5.2.5.RELEASE]
	at org.springframework.aop.framework.ReflectiveMethodInvocation.proceed(ReflectiveMethodInvocation.java:186) ~[spring-aop-5.2.5.RELEASE.jar:5.2.5.RELEASE]
	at org.springframework.aop.framework.JdkDynamicAopProxy.invoke(JdkDynamicAopProxy.java:212) ~[spring-aop-5.2.5.RELEASE.jar:5.2.5.RELEASE]
	at com.sun.proxy.$Proxy154.existsById(Unknown Source) ~[na:na]
	at com.mindtree.cart.dao.daoimpl.UserDaoImpl.isPresent(UserDaoImpl.java:41) ~[classes/:na]
	at com.mindtree.cart.dao.daoimpl.UserDaoImpl$$FastClassBySpringCGLIB$$e2b33992.invoke(<generated>) ~[classes/:na]
	at org.springframework.cglib.proxy.MethodProxy.invoke(MethodProxy.java:218) ~[spring-core-5.2.5.RELEASE.jar:5.2.5.RELEASE]
	at org.springframework.aop.framework.CglibAopProxy$CglibMethodInvocation.invokeJoinpoint(CglibAopProxy.java:771) ~[spring-aop-5.2.5.RELEASE.jar:5.2.5.RELEASE]
	at org.springframework.aop.framework.ReflectiveMethodInvocation.proceed(ReflectiveMethodInvocation.java:163) ~[spring-aop-5.2.5.RELEASE.jar:5.2.5.RELEASE]
	at org.springframework.aop.framework.CglibAopProxy$CglibMethodInvocation.proceed(CglibAopProxy.java:749) ~[spring-aop-5.2.5.RELEASE.jar:5.2.5.RELEASE]
	at org.springframework.transaction.interceptor.TransactionAspectSupport.invokeWithinTransaction(TransactionAspectSupport.java:366) ~[spring-tx-5.2.5.RELEASE.jar:5.2.5.RELEASE]
	at org.springframework.transaction.interceptor.TransactionInterceptor.invoke(TransactionInterceptor.java:118) ~[spring-tx-5.2.5.RELEASE.jar:5.2.5.RELEASE]
	at org.springframework.aop.framework.ReflectiveMethodInvocation.proceed(ReflectiveMethodInvocation.java:186) ~[spring-aop-5.2.5.RELEASE.jar:5.2.5.RELEASE]
	at org.springframework.aop.framework.CglibAopProxy$CglibMethodInvocation.proceed(CglibAopProxy.java:749) ~[spring-aop-5.2.5.RELEASE.jar:5.2.5.RELEASE]
	at org.springframework.aop.framework.CglibAopProxy$DynamicAdvisedInterceptor.intercept(CglibAopProxy.java:691) ~[spring-aop-5.2.5.RELEASE.jar:5.2.5.RELEASE]
	at com.mindtree.cart.dao.daoimpl.UserDaoImpl$$EnhancerBySpringCGLIB$$1d062e7d.isPresent(<generated>) ~[classes/:na]
	at com.mindtree.cart.service.serviceimpl.UserServiceImpl.fetchUser(UserServiceImpl.java:66) ~[classes/:na]
	at com.mindtree.cart.service.serviceimpl.CartServiceImpl.updateCart(CartServiceImpl.java:140) ~[classes/:na]
	at com.mindtree.cart.controller.CartController.updateCart(CartController.java:59) ~[classes/:na]
	at sun.reflect.NativeMethodAccessorImpl.invoke0(Native Method) ~[na:1.8.0_152]
	at sun.reflect.NativeMethodAccessorImpl.invoke(Unknown Source) ~[na:1.8.0_152]
	at sun.reflect.DelegatingMethodAccessorImpl.invoke(Unknown Source) ~[na:1.8.0_152]
	at java.lang.reflect.Method.invoke(Unknown Source) ~[na:1.8.0_152]
	at org.springframework.web.method.support.InvocableHandlerMethod.doInvoke(InvocableHandlerMethod.java:190) ~[spring-web-5.2.5.RELEASE.jar:5.2.5.RELEASE]
	at org.springframework.web.method.support.InvocableHandlerMethod.invokeForRequest(InvocableHandlerMethod.java:138) ~[spring-web-5.2.5.RELEASE.jar:5.2.5.RELEASE]
	at org.springframework.web.servlet.mvc.method.annotation.ServletInvocableHandlerMethod.invokeAndHandle(ServletInvocableHandlerMethod.java:105) ~[spring-webmvc-5.2.5.RELEASE.jar:5.2.5.RELEASE]
	at org.springframework.web.servlet.mvc.method.annotation.RequestMappingHandlerAdapter.invokeHandlerMethod(RequestMappingHandlerAdapter.java:879) ~[spring-webmvc-5.2.5.RELEASE.jar:5.2.5.RELEASE]
	at org.springframework.web.servlet.mvc.method.annotation.RequestMappingHandlerAdapter.handleInternal(RequestMappingHandlerAdapter.java:793) ~[spring-webmvc-5.2.5.RELEASE.jar:5.2.5.RELEASE]
	at org.springframework.web.servlet.mvc.method.AbstractHandlerMethodAdapter.handle(AbstractHandlerMethodAdapter.java:87) ~[spring-webmvc-5.2.5.RELEASE.jar:5.2.5.RELEASE]
	at org.springframework.web.servlet.DispatcherServlet.doDispatch(DispatcherServlet.java:1040) ~[spring-webmvc-5.2.5.RELEASE.jar:5.2.5.RELEASE]
	at org.springframework.web.servlet.DispatcherServlet.doService(DispatcherServlet.java:943) ~[spring-webmvc-5.2.5.RELEASE.jar:5.2.5.RELEASE]
	at org.springframework.web.servlet.FrameworkServlet.processRequest(FrameworkServlet.java:1006) ~[spring-webmvc-5.2.5.RELEASE.jar:5.2.5.RELEASE]
	at org.springframework.web.servlet.FrameworkServlet.doPost(FrameworkServlet.java:909) ~[spring-webmvc-5.2.5.RELEASE.jar:5.2.5.RELEASE]
	at javax.servlet.http.HttpServlet.service(HttpServlet.java:660) ~[tomcat-embed-core-9.0.33.jar:9.0.33]
	at org.springframework.web.servlet.FrameworkServlet.service(FrameworkServlet.java:883) ~[spring-webmvc-5.2.5.RELEASE.jar:5.2.5.RELEASE]
	at javax.servlet.http.HttpServlet.service(HttpServlet.java:741) ~[tomcat-embed-core-9.0.33.jar:9.0.33]
	at org.apache.catalina.core.ApplicationFilterChain.internalDoFilter(ApplicationFilterChain.java:231) ~[tomcat-embed-core-9.0.33.jar:9.0.33]
	at org.apache.catalina.core.ApplicationFilterChain.doFilter(ApplicationFilterChain.java:166) ~[tomcat-embed-core-9.0.33.jar:9.0.33]
	at org.apache.tomcat.websocket.server.WsFilter.doFilter(WsFilter.java:53) ~[tomcat-embed-websocket-9.0.33.jar:9.0.33]
	at org.apache.catalina.core.ApplicationFilterChain.internalDoFilter(ApplicationFilterChain.java:193) ~[tomcat-embed-core-9.0.33.jar:9.0.33]
	at org.apache.catalina.core.ApplicationFilterChain.doFilter(ApplicationFilterChain.java:166) ~[tomcat-embed-core-9.0.33.jar:9.0.33]
	at org.springframework.web.filter.RequestContextFilter.doFilterInternal(RequestContextFilter.java:100) ~[spring-web-5.2.5.RELEASE.jar:5.2.5.RELEASE]
	at org.springframework.web.filter.OncePerRequestFilter.doFilter(OncePerRequestFilter.java:119) ~[spring-web-5.2.5.RELEASE.jar:5.2.5.RELEASE]
	at org.apache.catalina.core.ApplicationFilterChain.internalDoFilter(ApplicationFilterChain.java:193) ~[tomcat-embed-core-9.0.33.jar:9.0.33]
	at org.apache.catalina.core.ApplicationFilterChain.doFilter(ApplicationFilterChain.java:166) ~[tomcat-embed-core-9.0.33.jar:9.0.33]
	at org.springframework.web.filter.FormContentFilter.doFilterInternal(FormContentFilter.java:93) ~[spring-web-5.2.5.RELEASE.jar:5.2.5.RELEASE]
	at org.springframework.web.filter.OncePerRequestFilter.doFilter(OncePerRequestFilter.java:119) ~[spring-web-5.2.5.RELEASE.jar:5.2.5.RELEASE]
	at org.apache.catalina.core.ApplicationFilterChain.internalDoFilter(ApplicationFilterChain.java:193) ~[tomcat-embed-core-9.0.33.jar:9.0.33]
	at org.apache.catalina.core.ApplicationFilterChain.doFilter(ApplicationFilterChain.java:166) ~[tomcat-embed-core-9.0.33.jar:9.0.33]
	at org.springframework.web.filter.CharacterEncodingFilter.doFilterInternal(CharacterEncodingFilter.java:201) ~[spring-web-5.2.5.RELEASE.jar:5.2.5.RELEASE]
	at org.springframework.web.filter.OncePerRequestFilter.doFilter(OncePerRequestFilter.java:119) ~[spring-web-5.2.5.RELEASE.jar:5.2.5.RELEASE]
	at org.apache.catalina.core.ApplicationFilterChain.internalDoFilter(ApplicationFilterChain.java:193) ~[tomcat-embed-core-9.0.33.jar:9.0.33]
	at org.apache.catalina.core.ApplicationFilterChain.doFilter(ApplicationFilterChain.java:166) ~[tomcat-embed-core-9.0.33.jar:9.0.33]
	at org.apache.catalina.core.StandardWrapperValve.invoke(StandardWrapperValve.java:202) ~[tomcat-embed-core-9.0.33.jar:9.0.33]
	at org.apache.catalina.core.StandardContextValve.invoke(StandardContextValve.java:96) [tomcat-embed-core-9.0.33.jar:9.0.33]
	at org.apache.catalina.authenticator.AuthenticatorBase.invoke(AuthenticatorBase.java:541) [tomcat-embed-core-9.0.33.jar:9.0.33]
	at org.apache.catalina.core.StandardHostValve.invoke(StandardHostValve.java:139) [tomcat-embed-core-9.0.33.jar:9.0.33]
	at org.apache.catalina.valves.ErrorReportValve.invoke(ErrorReportValve.java:92) [tomcat-embed-core-9.0.33.jar:9.0.33]
	at org.apache.catalina.core.StandardEngineValve.invoke(StandardEngineValve.java:74) [tomcat-embed-core-9.0.33.jar:9.0.33]
	at org.apache.catalina.connector.CoyoteAdapter.service(CoyoteAdapter.java:343) [tomcat-embed-core-9.0.33.jar:9.0.33]
	at org.apache.coyote.http11.Http11Processor.service(Http11Processor.java:373) [tomcat-embed-core-9.0.33.jar:9.0.33]
	at org.apache.coyote.AbstractProcessorLight.process(AbstractProcessorLight.java:65) [tomcat-embed-core-9.0.33.jar:9.0.33]
	at org.apache.coyote.AbstractProtocol$ConnectionHandler.process(AbstractProtocol.java:868) [tomcat-embed-core-9.0.33.jar:9.0.33]
	at org.apache.tomcat.util.net.NioEndpoint$SocketProcessor.doRun(NioEndpoint.java:1594) [tomcat-embed-core-9.0.33.jar:9.0.33]
	at org.apache.tomcat.util.net.SocketProcessorBase.run(SocketProcessorBase.java:49) [tomcat-embed-core-9.0.33.jar:9.0.33]
	at java.util.concurrent.ThreadPoolExecutor.runWorker(Unknown Source) [na:1.8.0_152]
	at java.util.concurrent.ThreadPoolExecutor$Worker.run(Unknown Source) [na:1.8.0_152]
	at org.apache.tomcat.util.threads.TaskThread$WrappingRunnable.run(TaskThread.java:61) [tomcat-embed-core-9.0.33.jar:9.0.33]
	at java.lang.Thread.run(Unknown Source) [na:1.8.0_152]
"2020-04-09 09:52:31 ERROR o.a.c.http11.Http11Processor - Error processing request
"java.lang.NullPointerException: null
	at org.apache.catalina.connector.CoyoteAdapter.service(CoyoteAdapter.java:412) ~[tomcat-embed-core-9.0.33.jar:9.0.33]
	at org.apache.coyote.http11.Http11Processor.service(Http11Processor.java:373) ~[tomcat-embed-core-9.0.33.jar:9.0.33]
	at org.apache.coyote.AbstractProcessorLight.process(AbstractProcessorLight.java:65) [tomcat-embed-core-9.0.33.jar:9.0.33]
	at org.apache.coyote.AbstractProtocol$ConnectionHandler.process(AbstractProtocol.java:868) [tomcat-embed-core-9.0.33.jar:9.0.33]
	at org.apache.tomcat.util.net.NioEndpoint$SocketProcessor.doRun(NioEndpoint.java:1594) [tomcat-embed-core-9.0.33.jar:9.0.33]
	at org.apache.tomcat.util.net.SocketProcessorBase.run(SocketProcessorBase.java:49) [tomcat-embed-core-9.0.33.jar:9.0.33]
	at java.util.concurrent.ThreadPoolExecutor.runWorker(Unknown Source) [na:1.8.0_152]
	at java.util.concurrent.ThreadPoolExecutor$Worker.run(Unknown Source) [na:1.8.0_152]
	at org.apache.tomcat.util.threads.TaskThread$WrappingRunnable.run(TaskThread.java:61) [tomcat-embed-core-9.0.33.jar:9.0.33]
	at java.lang.Thread.run(Unknown Source) [na:1.8.0_152]
"2020-04-09 09:52:31 WARN  o.a.c.connector.CoyoteAdapter - Exception while attempting to add an entry to the access log
"java.lang.NullPointerException: null
	at org.apache.catalina.connector.CoyoteAdapter.log(CoyoteAdapter.java:490) ~[tomcat-embed-core-9.0.33.jar:9.0.33]
	at org.apache.coyote.http11.Http11Processor.service(Http11Processor.java:403) [tomcat-embed-core-9.0.33.jar:9.0.33]
	at org.apache.coyote.AbstractProcessorLight.process(AbstractProcessorLight.java:65) [tomcat-embed-core-9.0.33.jar:9.0.33]
	at org.apache.coyote.AbstractProtocol$ConnectionHandler.process(AbstractProtocol.java:868) [tomcat-embed-core-9.0.33.jar:9.0.33]
	at org.apache.tomcat.util.net.NioEndpoint$SocketProcessor.doRun(NioEndpoint.java:1594) [tomcat-embed-core-9.0.33.jar:9.0.33]
	at org.apache.tomcat.util.net.SocketProcessorBase.run(SocketProcessorBase.java:49) [tomcat-embed-core-9.0.33.jar:9.0.33]
	at java.util.concurrent.ThreadPoolExecutor.runWorker(Unknown Source) [na:1.8.0_152]
	at java.util.concurrent.ThreadPoolExecutor$Worker.run(Unknown Source) [na:1.8.0_152]
	at org.apache.tomcat.util.threads.TaskThread$WrappingRunnable.run(TaskThread.java:61) [tomcat-embed-core-9.0.33.jar:9.0.33]
	at java.lang.Thread.run(Unknown Source) [na:1.8.0_152]
"2020-04-09 09:52:32 INFO  c.m.c.controller.CartController - ---> update cart for particular userId and productId...!
""2020-04-09 09:52:35 INFO  c.m.c.s.s.CartServiceImpl - ---> update cart in impl..!
""2020-04-09 09:52:35 INFO  c.m.c.s.s.UserServiceImpl - --->User Fetching Starts..!
""2020-04-09 09:52:35 INFO  c.m.cart.dao.daoimpl.UserDaoImpl - --> Checking User is Present in Database...!
""2020-04-09 09:52:35 INFO  c.m.c.s.s.UserServiceImpl - -->User Found and Returned..!
""2020-04-09 09:52:35 INFO  c.m.cart.dao.daoimpl.UserDaoImpl - --> Fetching User from Repository..!
""2020-04-09 09:52:36 INFO  c.m.cart.dao.daoimpl.CartDaoImpl - ----> Fetching a cart ..!
""2020-04-09 09:52:36 INFO  c.m.c.s.s.ProductServiceImpl - ---> Fetching a Product From DB..!
""2020-04-09 09:52:36 INFO  c.m.c.dao.daoimpl.ProductDaoImpl - ---> Check product presence By Id..!
""2020-04-09 09:52:36 INFO  c.m.c.s.s.ProductServiceImpl - --->Return Product by Id..!
""2020-04-09 09:52:36 INFO  c.m.c.dao.daoimpl.ProductDaoImpl - -->SearchBy Id in impl
""2020-04-09 09:52:44 INFO  c.m.c.s.s.ProductServiceImpl - ---> Updating Product..!
""2020-04-09 09:52:44 INFO  c.m.c.dao.daoimpl.ProductDaoImpl - ---> Updating product in repository..!
""2020-04-09 09:52:56 INFO  c.m.c.s.s.UserServiceImpl - --->Creating a Cart for User..!
""2020-04-09 09:52:56 INFO  c.m.cart.dao.daoimpl.UserDaoImpl - --> Update and saving User into DB
""2020-04-09 09:53:11 INFO  c.m.cart.dao.daoimpl.CartDaoImpl - ---> Delete a cart By id...!
""2020-04-09 09:53:12 INFO  c.m.c.s.s.CartServiceImpl - ---> Cart updated Succesfully...!
""2020-04-09 09:53:14 DEBUG o.s.w.s.m.m.a.HttpEntityMethodProcessor - Using 'application/json', given [*/*] and supported [application/json, application/*+json, application/json, application/*+json]
""2020-04-09 09:53:14 DEBUG o.s.w.s.m.m.a.HttpEntityMethodProcessor - Writing [com.mindtree.cart.dto.ShopResponse@46a9a2f5]
""2020-04-09 09:53:14 DEBUG o.s.w.servlet.DispatcherServlet - Completed 200 OK
"